03-Jun-2016 00:12:45.618 INFO [main] org.apache.catalina.startup.VersionLoggerListener.log Server version:        Apache Tomcat/9.0.0.M1
03-Jun-2016 00:12:45.619 INFO [main] org.apache.catalina.startup.VersionLoggerListener.log Server built:          Nov 12 2015 22:05:52 UTC
03-Jun-2016 00:12:45.619 INFO [main] org.apache.catalina.startup.VersionLoggerListener.log Server number:         9.0.0.0
03-Jun-2016 00:12:45.619 INFO [main] org.apache.catalina.startup.VersionLoggerListener.log OS Name:               Windows 8.1
03-Jun-2016 00:12:45.620 INFO [main] org.apache.catalina.startup.VersionLoggerListener.log OS Version:            6.3
03-Jun-2016 00:12:45.620 INFO [main] org.apache.catalina.startup.VersionLoggerListener.log Architecture:          amd64
03-Jun-2016 00:12:45.620 INFO [main] org.apache.catalina.startup.VersionLoggerListener.log Java Home:             C:\Program Files\Java\jdk1.8.0_73\jre
03-Jun-2016 00:12:45.620 INFO [main] org.apache.catalina.startup.VersionLoggerListener.log JVM Version:           1.8.0_73-b02
03-Jun-2016 00:12:45.620 INFO [main] org.apache.catalina.startup.VersionLoggerListener.log JVM Vendor:            Oracle Corporation
03-Jun-2016 00:12:45.620 INFO [main] org.apache.catalina.startup.VersionLoggerListener.log CATALINA_BASE:         C:\Users\Ivo\itm_skeleton_a3_SS16\ITM_Ass3\itm_skeleton_a3_SS16\assignment3\tools\tomcat\apache-tomcat-9.0.0.M1
03-Jun-2016 00:12:45.621 INFO [main] org.apache.catalina.startup.VersionLoggerListener.log CATALINA_HOME:         C:\Users\Ivo\itm_skeleton_a3_SS16\ITM_Ass3\itm_skeleton_a3_SS16\assignment3\tools\tomcat\apache-tomcat-9.0.0.M1
03-Jun-2016 00:12:45.621 INFO [main] org.apache.catalina.startup.VersionLoggerListener.log Command line argument: -Djava.util.logging.config.file=tools\tomcat\apache-tomcat-9.0.0.M1\conf\logging.properties
03-Jun-2016 00:12:45.621 INFO [main] org.apache.catalina.startup.VersionLoggerListener.log Command line argument: -Djava.util.logging.manager=org.apache.juli.ClassLoaderLogManager
03-Jun-2016 00:12:45.622 INFO [main] org.apache.catalina.startup.VersionLoggerListener.log Command line argument: -Xmx512m
03-Jun-2016 00:12:45.622 INFO [main] org.apache.catalina.startup.VersionLoggerListener.log Command line argument: -Dcatalina.base=tools\tomcat\apache-tomcat-9.0.0.M1
03-Jun-2016 00:12:45.622 INFO [main] org.apache.catalina.startup.VersionLoggerListener.log Command line argument: -Dcatalina.home=tools\tomcat\apache-tomcat-9.0.0.M1
03-Jun-2016 00:12:45.623 INFO [main] org.apache.catalina.startup.VersionLoggerListener.log Command line argument: -Djava.io.tmpdir=tools\tomcat\apache-tomcat-9.0.0.M1\temp
03-Jun-2016 00:12:45.623 INFO [main] org.apache.catalina.core.AprLifecycleListener.lifecycleEvent The APR based Apache Tomcat Native library which allows optimal performance in production environments was not found on the java.library.path: C:\Program Files\Java\jdk1.8.0_73\bin;C:\WINDOWS\Sun\Java\bin;C:\WINDOWS\system32;C:\WINDOWS;C:\ProgramData\Oracle\Java\javapath;C:\Program Files (x86)\Intel\iCLS Client\;C:\Program Files\Intel\iCLS Client\;C:\Program Files (x86)\NVIDIA Corporation\PhysX\Common;C:\WINDOWS\system32;C:\WINDOWS;C:\WINDOWS\System32\Wbem;C:\WINDOWS\System32\WindowsPowerShell\v1.0\;C:\Program Files\Intel\Intel(R) Management Engine Components\DAL;C:\Program Files\Intel\Intel(R) Management Engine Components\IPT;C:\Program Files (x86)\Intel\Intel(R) Management Engine Components\DAL;C:\Program Files (x86)\Intel\Intel(R) Management Engine Components\IPT;C:\Program Files (x86)\Windows Kits\8.0\Windows Performance Toolkit\;c:\Program Files (x86)\Microsoft SQL Server\100\Tools\Binn\;c:\Program Files\Microsoft SQL Server\100\Tools\Binn\;c:\Program Files\Microsoft SQL Server\100\DTS\Binn\;c:\Program Files (x86)\Microsoft SQL Server\110\Tools\Binn\;c:\Program Files (x86)\Microsoft SQL Server\110\DTS\Binn\;C:\Program Files (x86)\Windows Live\Shared;C:\Program Files (x86)\Skype\Phone\;C:\Program Files\Java\jdk1.8.0_73\bin;C:\Program Files\nodejs\;C:\Program Files\Git\cmd;c:/mingw/msys/1.0/bin;c:/mingw/msys/1.0;c:/mingw/bin;c:/mingw;C:\Program Files\Java\jdk1.8.0_73\bin;C:\Program Files (x86)\Microsoft VS Code\bin;C:\Users\Ivo\AppData\Roaming\npm;C:\Users\Ivo\AppData\Local\Android\sdk\platform-tools;C:\Program Files (x86)\apache-maven-3.3.9-bin\apache-maven-3.3.9\bin;.
03-Jun-2016 00:12:46.617 INFO [main] org.apache.coyote.AbstractProtocol.init Initializing ProtocolHandler ["http-nio-8080"]
03-Jun-2016 00:12:46.962 INFO [main] org.apache.tomcat.util.net.NioSelectorPool.getSharedSelector Using a shared selector for servlet write/read
03-Jun-2016 00:12:46.964 INFO [main] org.apache.coyote.AbstractProtocol.init Initializing ProtocolHandler ["ajp-nio-8009"]
03-Jun-2016 00:12:46.968 INFO [main] org.apache.tomcat.util.net.NioSelectorPool.getSharedSelector Using a shared selector for servlet write/read
03-Jun-2016 00:12:46.968 INFO [main] org.apache.catalina.startup.Catalina.load Initialization processed in 2688 ms
03-Jun-2016 00:12:47.071 INFO [main] org.apache.catalina.core.StandardService.startInternal Starting service Catalina
03-Jun-2016 00:12:47.072 INFO [main] org.apache.catalina.core.StandardEngine.startInternal Starting Servlet Engine: Apache Tomcat/9.0.0.M1
03-Jun-2016 00:12:47.120 INFO [localhost-startStop-1] org.apache.catalina.startup.HostConfig.deployDescriptor Deploying configuration descriptor C:\Users\Ivo\itm_skeleton_a3_SS16\ITM_Ass3\itm_skeleton_a3_SS16\assignment3\tools\tomcat\apache-tomcat-9.0.0.M1\conf\Catalina\localhost\itm.xml
03-Jun-2016 00:12:47.190 WARNING [localhost-startStop-1] org.apache.catalina.startup.SetContextPropertiesRule.begin [SetContextPropertiesRule]{Context} Setting property 'debug' to '0' did not find a matching property.
03-Jun-2016 00:12:48.387 INFO [localhost-startStop-1] org.apache.jasper.servlet.TldScanner.scanJars At least one JAR was scanned for TLDs yet contained no TLDs. Enable debug logging for this logger for a complete list of JARs that were scanned but no TLDs were found in them. Skipping unneeded JARs during scanning can improve startup time and JSP compilation time.
03-Jun-2016 00:12:48.736 INFO [localhost-startStop-1] org.apache.catalina.util.SessionIdGeneratorBase.createSecureRandom Creation of SecureRandom instance for session ID generation using [SHA1PRNG] took [245] milliseconds.
03-Jun-2016 00:12:48.818 INFO [localhost-startStop-1] org.apache.catalina.startup.HostConfig.deployDescriptor Deployment of configuration descriptor C:\Users\Ivo\itm_skeleton_a3_SS16\ITM_Ass3\itm_skeleton_a3_SS16\assignment3\tools\tomcat\apache-tomcat-9.0.0.M1\conf\Catalina\localhost\itm.xml has finished in 1,699 ms
03-Jun-2016 00:12:48.820 INFO [localhost-startStop-1] org.apache.catalina.startup.HostConfig.deployDirectory Deploying web application directory C:\Users\Ivo\itm_skeleton_a3_SS16\ITM_Ass3\itm_skeleton_a3_SS16\assignment3\tools\tomcat\apache-tomcat-9.0.0.M1\webapps\ROOT
03-Jun-2016 00:12:48.957 INFO [localhost-startStop-1] org.apache.catalina.startup.HostConfig.deployDirectory Deployment of web application directory C:\Users\Ivo\itm_skeleton_a3_SS16\ITM_Ass3\itm_skeleton_a3_SS16\assignment3\tools\tomcat\apache-tomcat-9.0.0.M1\webapps\ROOT has finished in 137 ms
03-Jun-2016 00:12:48.960 INFO [main] org.apache.coyote.AbstractProtocol.start Starting ProtocolHandler [http-nio-8080]
03-Jun-2016 00:12:48.971 INFO [main] org.apache.coyote.AbstractProtocol.start Starting ProtocolHandler [ajp-nio-8009]
03-Jun-2016 00:12:48.976 INFO [main] org.apache.catalina.startup.Catalina.start Server startup in 2007 ms
