05-Jun-2016 12:09:04.660 INFO [main] org.apache.catalina.startup.VersionLoggerListener.log Server version:        Apache Tomcat/9.0.0.M1
05-Jun-2016 12:09:04.662 INFO [main] org.apache.catalina.startup.VersionLoggerListener.log Server built:          Nov 12 2015 22:05:52 UTC
05-Jun-2016 12:09:04.663 INFO [main] org.apache.catalina.startup.VersionLoggerListener.log Server number:         9.0.0.0
05-Jun-2016 12:09:04.663 INFO [main] org.apache.catalina.startup.VersionLoggerListener.log OS Name:               Windows 8.1
05-Jun-2016 12:09:04.663 INFO [main] org.apache.catalina.startup.VersionLoggerListener.log OS Version:            6.3
05-Jun-2016 12:09:04.664 INFO [main] org.apache.catalina.startup.VersionLoggerListener.log Architecture:          amd64
05-Jun-2016 12:09:04.664 INFO [main] org.apache.catalina.startup.VersionLoggerListener.log Java Home:             C:\Program Files\Java\jdk1.8.0_73\jre
05-Jun-2016 12:09:04.664 INFO [main] org.apache.catalina.startup.VersionLoggerListener.log JVM Version:           1.8.0_73-b02
05-Jun-2016 12:09:04.664 INFO [main] org.apache.catalina.startup.VersionLoggerListener.log JVM Vendor:            Oracle Corporation
05-Jun-2016 12:09:04.665 INFO [main] org.apache.catalina.startup.VersionLoggerListener.log CATALINA_BASE:         C:\Users\Ivo\itm_skeleton_a3_SS16\ITM_Ass3\assignment3\tools\tomcat\apache-tomcat-9.0.0.M1
05-Jun-2016 12:09:04.665 INFO [main] org.apache.catalina.startup.VersionLoggerListener.log CATALINA_HOME:         C:\Users\Ivo\itm_skeleton_a3_SS16\ITM_Ass3\assignment3\tools\tomcat\apache-tomcat-9.0.0.M1
05-Jun-2016 12:09:04.666 INFO [main] org.apache.catalina.startup.VersionLoggerListener.log Command line argument: -Djava.util.logging.config.file=tools\tomcat\apache-tomcat-9.0.0.M1\conf\logging.properties
05-Jun-2016 12:09:04.666 INFO [main] org.apache.catalina.startup.VersionLoggerListener.log Command line argument: -Djava.util.logging.manager=org.apache.juli.ClassLoaderLogManager
05-Jun-2016 12:09:04.667 INFO [main] org.apache.catalina.startup.VersionLoggerListener.log Command line argument: -Xmx512m
05-Jun-2016 12:09:04.667 INFO [main] org.apache.catalina.startup.VersionLoggerListener.log Command line argument: -Dcatalina.base=tools\tomcat\apache-tomcat-9.0.0.M1
05-Jun-2016 12:09:04.668 INFO [main] org.apache.catalina.startup.VersionLoggerListener.log Command line argument: -Dcatalina.home=tools\tomcat\apache-tomcat-9.0.0.M1
05-Jun-2016 12:09:04.669 INFO [main] org.apache.catalina.startup.VersionLoggerListener.log Command line argument: -Djava.io.tmpdir=tools\tomcat\apache-tomcat-9.0.0.M1\temp
05-Jun-2016 12:09:04.669 INFO [main] org.apache.catalina.core.AprLifecycleListener.lifecycleEvent The APR based Apache Tomcat Native library which allows optimal performance in production environments was not found on the java.library.path: C:\Program Files\Java\jdk1.8.0_73\bin;C:\WINDOWS\Sun\Java\bin;C:\WINDOWS\system32;C:\WINDOWS;C:\ProgramData\Oracle\Java\javapath;C:\Program Files (x86)\Intel\iCLS Client\;C:\Program Files\Intel\iCLS Client\;C:\Program Files (x86)\NVIDIA Corporation\PhysX\Common;C:\WINDOWS\system32;C:\WINDOWS;C:\WINDOWS\System32\Wbem;C:\WINDOWS\System32\WindowsPowerShell\v1.0\;C:\Program Files\Intel\Intel(R) Management Engine Components\DAL;C:\Program Files\Intel\Intel(R) Management Engine Components\IPT;C:\Program Files (x86)\Intel\Intel(R) Management Engine Components\DAL;C:\Program Files (x86)\Intel\Intel(R) Management Engine Components\IPT;C:\Program Files (x86)\Windows Kits\8.0\Windows Performance Toolkit\;c:\Program Files (x86)\Microsoft SQL Server\100\Tools\Binn\;c:\Program Files\Microsoft SQL Server\100\Tools\Binn\;c:\Program Files\Microsoft SQL Server\100\DTS\Binn\;c:\Program Files (x86)\Microsoft SQL Server\110\Tools\Binn\;c:\Program Files (x86)\Microsoft SQL Server\110\DTS\Binn\;C:\Program Files (x86)\Windows Live\Shared;C:\Program Files (x86)\Skype\Phone\;C:\Program Files\Java\jdk1.8.0_73\bin;C:\Program Files\nodejs\;C:\Program Files\Git\cmd;c:/mingw/msys/1.0/bin;c:/mingw/msys/1.0;c:/mingw/bin;c:/mingw;C:\Program Files\Java\jdk1.8.0_73\bin;C:\Program Files (x86)\Microsoft VS Code\bin;C:\Users\Ivo\AppData\Roaming\npm;C:\Users\Ivo\AppData\Local\Android\sdk\platform-tools;C:\Program Files (x86)\apache-maven-3.3.9-bin\apache-maven-3.3.9\bin;.
05-Jun-2016 12:09:05.401 INFO [main] org.apache.coyote.AbstractProtocol.init Initializing ProtocolHandler ["http-nio-8080"]
05-Jun-2016 12:09:05.627 INFO [main] org.apache.tomcat.util.net.NioSelectorPool.getSharedSelector Using a shared selector for servlet write/read
05-Jun-2016 12:09:05.631 INFO [main] org.apache.coyote.AbstractProtocol.init Initializing ProtocolHandler ["ajp-nio-8009"]
05-Jun-2016 12:09:05.635 INFO [main] org.apache.tomcat.util.net.NioSelectorPool.getSharedSelector Using a shared selector for servlet write/read
05-Jun-2016 12:09:05.636 INFO [main] org.apache.catalina.startup.Catalina.load Initialization processed in 2098 ms
05-Jun-2016 12:09:05.695 INFO [main] org.apache.catalina.core.StandardService.startInternal Starting service Catalina
05-Jun-2016 12:09:05.695 INFO [main] org.apache.catalina.core.StandardEngine.startInternal Starting Servlet Engine: Apache Tomcat/9.0.0.M1
05-Jun-2016 12:09:05.744 INFO [localhost-startStop-1] org.apache.catalina.startup.HostConfig.deployDescriptor Deploying configuration descriptor C:\Users\Ivo\itm_skeleton_a3_SS16\ITM_Ass3\assignment3\tools\tomcat\apache-tomcat-9.0.0.M1\conf\Catalina\localhost\itm.xml
05-Jun-2016 12:09:05.831 WARNING [localhost-startStop-1] org.apache.catalina.startup.SetContextPropertiesRule.begin [SetContextPropertiesRule]{Context} Setting property 'debug' to '0' did not find a matching property.
05-Jun-2016 12:09:07.471 INFO [localhost-startStop-1] org.apache.jasper.servlet.TldScanner.scanJars At least one JAR was scanned for TLDs yet contained no TLDs. Enable debug logging for this logger for a complete list of JARs that were scanned but no TLDs were found in them. Skipping unneeded JARs during scanning can improve startup time and JSP compilation time.
05-Jun-2016 12:09:07.745 INFO [localhost-startStop-1] org.apache.catalina.util.SessionIdGeneratorBase.createSecureRandom Creation of SecureRandom instance for session ID generation using [SHA1PRNG] took [235] milliseconds.
05-Jun-2016 12:09:07.817 INFO [localhost-startStop-1] org.apache.catalina.startup.HostConfig.deployDescriptor Deployment of configuration descriptor C:\Users\Ivo\itm_skeleton_a3_SS16\ITM_Ass3\assignment3\tools\tomcat\apache-tomcat-9.0.0.M1\conf\Catalina\localhost\itm.xml has finished in 2,073 ms
05-Jun-2016 12:09:07.819 INFO [localhost-startStop-1] org.apache.catalina.startup.HostConfig.deployDirectory Deploying web application directory C:\Users\Ivo\itm_skeleton_a3_SS16\ITM_Ass3\assignment3\tools\tomcat\apache-tomcat-9.0.0.M1\webapps\ROOT
05-Jun-2016 12:09:07.848 INFO [localhost-startStop-1] org.apache.catalina.startup.HostConfig.deployDirectory Deployment of web application directory C:\Users\Ivo\itm_skeleton_a3_SS16\ITM_Ass3\assignment3\tools\tomcat\apache-tomcat-9.0.0.M1\webapps\ROOT has finished in 29 ms
05-Jun-2016 12:09:07.852 INFO [main] org.apache.coyote.AbstractProtocol.start Starting ProtocolHandler [http-nio-8080]
05-Jun-2016 12:09:07.865 INFO [main] org.apache.coyote.AbstractProtocol.start Starting ProtocolHandler [ajp-nio-8009]
05-Jun-2016 12:09:07.872 INFO [main] org.apache.catalina.startup.Catalina.start Server startup in 2234 ms
05-Jun-2016 12:14:31.966 INFO [main] org.apache.catalina.core.StandardServer.await A valid shutdown command was received via the shutdown port. Stopping the Server instance.
05-Jun-2016 12:14:31.969 INFO [main] org.apache.coyote.AbstractProtocol.pause Pausing ProtocolHandler ["http-nio-8080"]
05-Jun-2016 12:14:32.030 INFO [main] org.apache.coyote.AbstractProtocol.pause Pausing ProtocolHandler ["ajp-nio-8009"]
05-Jun-2016 12:14:32.083 INFO [main] org.apache.catalina.core.StandardService.stopInternal Stopping service Catalina
05-Jun-2016 12:14:33.086 SEVERE [localhost-startStop-2] org.apache.catalina.loader.WebappClassLoaderBase.checkThreadLocalMapForLeaks The web application [itm] created a ThreadLocal with key of type [java.lang.ThreadLocal] (value [java.lang.ThreadLocal@4aecbd3]) and a value of type [com.xuggle.ferry.JNIThreadProxy] (value [Thread[Thread-6,5,main]]) but failed to remove it when the web application was stopped. Threads are going to be renewed over time to try and avoid a probable memory leak.
05-Jun-2016 12:14:33.088 SEVERE [localhost-startStop-2] org.apache.catalina.loader.WebappClassLoaderBase.checkThreadLocalMapForLeaks The web application [itm] created a ThreadLocal with key of type [java.lang.ThreadLocal] (value [java.lang.ThreadLocal@4aecbd3]) and a value of type [com.xuggle.ferry.JNIThreadProxy] (value [Thread[Thread-8,5,main]]) but failed to remove it when the web application was stopped. Threads are going to be renewed over time to try and avoid a probable memory leak.
05-Jun-2016 12:14:33.090 SEVERE [localhost-startStop-2] org.apache.catalina.loader.WebappClassLoaderBase.checkThreadLocalMapForLeaks The web application [itm] created a ThreadLocal with key of type [java.lang.ThreadLocal] (value [java.lang.ThreadLocal@4aecbd3]) and a value of type [com.xuggle.ferry.JNIThreadProxy] (value [Thread[Thread-9,5,main]]) but failed to remove it when the web application was stopped. Threads are going to be renewed over time to try and avoid a probable memory leak.
05-Jun-2016 12:14:33.098 INFO [main] org.apache.coyote.AbstractProtocol.stop Stopping ProtocolHandler ["http-nio-8080"]
05-Jun-2016 12:14:33.107 INFO [main] org.apache.coyote.AbstractProtocol.stop Stopping ProtocolHandler ["ajp-nio-8009"]
05-Jun-2016 12:14:33.111 INFO [main] org.apache.coyote.AbstractProtocol.destroy Destroying ProtocolHandler ["http-nio-8080"]
05-Jun-2016 12:14:33.118 INFO [main] org.apache.coyote.AbstractProtocol.destroy Destroying ProtocolHandler ["ajp-nio-8009"]
05-Jun-2016 12:14:42.448 INFO [main] org.apache.catalina.startup.VersionLoggerListener.log Server version:        Apache Tomcat/9.0.0.M1
05-Jun-2016 12:14:42.450 INFO [main] org.apache.catalina.startup.VersionLoggerListener.log Server built:          Nov 12 2015 22:05:52 UTC
05-Jun-2016 12:14:42.451 INFO [main] org.apache.catalina.startup.VersionLoggerListener.log Server number:         9.0.0.0
05-Jun-2016 12:14:42.451 INFO [main] org.apache.catalina.startup.VersionLoggerListener.log OS Name:               Windows 8.1
05-Jun-2016 12:14:42.451 INFO [main] org.apache.catalina.startup.VersionLoggerListener.log OS Version:            6.3
05-Jun-2016 12:14:42.452 INFO [main] org.apache.catalina.startup.VersionLoggerListener.log Architecture:          amd64
05-Jun-2016 12:14:42.452 INFO [main] org.apache.catalina.startup.VersionLoggerListener.log Java Home:             C:\Program Files\Java\jdk1.8.0_73\jre
05-Jun-2016 12:14:42.453 INFO [main] org.apache.catalina.startup.VersionLoggerListener.log JVM Version:           1.8.0_73-b02
05-Jun-2016 12:14:42.453 INFO [main] org.apache.catalina.startup.VersionLoggerListener.log JVM Vendor:            Oracle Corporation
05-Jun-2016 12:14:42.454 INFO [main] org.apache.catalina.startup.VersionLoggerListener.log CATALINA_BASE:         C:\Users\Ivo\itm_skeleton_a3_SS16\ITM_Ass3\assignment3\tools\tomcat\apache-tomcat-9.0.0.M1
05-Jun-2016 12:14:42.454 INFO [main] org.apache.catalina.startup.VersionLoggerListener.log CATALINA_HOME:         C:\Users\Ivo\itm_skeleton_a3_SS16\ITM_Ass3\assignment3\tools\tomcat\apache-tomcat-9.0.0.M1
05-Jun-2016 12:14:42.455 INFO [main] org.apache.catalina.startup.VersionLoggerListener.log Command line argument: -Djava.util.logging.config.file=tools\tomcat\apache-tomcat-9.0.0.M1\conf\logging.properties
05-Jun-2016 12:14:42.455 INFO [main] org.apache.catalina.startup.VersionLoggerListener.log Command line argument: -Djava.util.logging.manager=org.apache.juli.ClassLoaderLogManager
05-Jun-2016 12:14:42.456 INFO [main] org.apache.catalina.startup.VersionLoggerListener.log Command line argument: -Xmx512m
05-Jun-2016 12:14:42.457 INFO [main] org.apache.catalina.startup.VersionLoggerListener.log Command line argument: -Dcatalina.base=tools\tomcat\apache-tomcat-9.0.0.M1
05-Jun-2016 12:14:42.458 INFO [main] org.apache.catalina.startup.VersionLoggerListener.log Command line argument: -Dcatalina.home=tools\tomcat\apache-tomcat-9.0.0.M1
05-Jun-2016 12:14:42.459 INFO [main] org.apache.catalina.startup.VersionLoggerListener.log Command line argument: -Djava.io.tmpdir=tools\tomcat\apache-tomcat-9.0.0.M1\temp
05-Jun-2016 12:14:42.459 INFO [main] org.apache.catalina.core.AprLifecycleListener.lifecycleEvent The APR based Apache Tomcat Native library which allows optimal performance in production environments was not found on the java.library.path: C:\Program Files\Java\jdk1.8.0_73\bin;C:\WINDOWS\Sun\Java\bin;C:\WINDOWS\system32;C:\WINDOWS;C:\ProgramData\Oracle\Java\javapath;C:\Program Files (x86)\Intel\iCLS Client\;C:\Program Files\Intel\iCLS Client\;C:\Program Files (x86)\NVIDIA Corporation\PhysX\Common;C:\WINDOWS\system32;C:\WINDOWS;C:\WINDOWS\System32\Wbem;C:\WINDOWS\System32\WindowsPowerShell\v1.0\;C:\Program Files\Intel\Intel(R) Management Engine Components\DAL;C:\Program Files\Intel\Intel(R) Management Engine Components\IPT;C:\Program Files (x86)\Intel\Intel(R) Management Engine Components\DAL;C:\Program Files (x86)\Intel\Intel(R) Management Engine Components\IPT;C:\Program Files (x86)\Windows Kits\8.0\Windows Performance Toolkit\;c:\Program Files (x86)\Microsoft SQL Server\100\Tools\Binn\;c:\Program Files\Microsoft SQL Server\100\Tools\Binn\;c:\Program Files\Microsoft SQL Server\100\DTS\Binn\;c:\Program Files (x86)\Microsoft SQL Server\110\Tools\Binn\;c:\Program Files (x86)\Microsoft SQL Server\110\DTS\Binn\;C:\Program Files (x86)\Windows Live\Shared;C:\Program Files (x86)\Skype\Phone\;C:\Program Files\Java\jdk1.8.0_73\bin;C:\Program Files\nodejs\;C:\Program Files\Git\cmd;c:/mingw/msys/1.0/bin;c:/mingw/msys/1.0;c:/mingw/bin;c:/mingw;C:\Program Files\Java\jdk1.8.0_73\bin;C:\Program Files (x86)\Microsoft VS Code\bin;C:\Users\Ivo\AppData\Roaming\npm;C:\Users\Ivo\AppData\Local\Android\sdk\platform-tools;C:\Program Files (x86)\apache-maven-3.3.9-bin\apache-maven-3.3.9\bin;.
05-Jun-2016 12:14:42.731 INFO [main] org.apache.coyote.AbstractProtocol.init Initializing ProtocolHandler ["http-nio-8080"]
05-Jun-2016 12:14:42.842 INFO [main] org.apache.tomcat.util.net.NioSelectorPool.getSharedSelector Using a shared selector for servlet write/read
05-Jun-2016 12:14:42.847 INFO [main] org.apache.coyote.AbstractProtocol.init Initializing ProtocolHandler ["ajp-nio-8009"]
05-Jun-2016 12:14:42.853 INFO [main] org.apache.tomcat.util.net.NioSelectorPool.getSharedSelector Using a shared selector for servlet write/read
05-Jun-2016 12:14:42.854 INFO [main] org.apache.catalina.startup.Catalina.load Initialization processed in 1015 ms
05-Jun-2016 12:14:42.889 INFO [main] org.apache.catalina.core.StandardService.startInternal Starting service Catalina
05-Jun-2016 12:14:42.889 INFO [main] org.apache.catalina.core.StandardEngine.startInternal Starting Servlet Engine: Apache Tomcat/9.0.0.M1
05-Jun-2016 12:14:42.902 INFO [localhost-startStop-1] org.apache.catalina.startup.HostConfig.deployDescriptor Deploying configuration descriptor C:\Users\Ivo\itm_skeleton_a3_SS16\ITM_Ass3\assignment3\tools\tomcat\apache-tomcat-9.0.0.M1\conf\Catalina\localhost\itm.xml
05-Jun-2016 12:14:42.960 WARNING [localhost-startStop-1] org.apache.catalina.startup.SetContextPropertiesRule.begin [SetContextPropertiesRule]{Context} Setting property 'debug' to '0' did not find a matching property.
05-Jun-2016 12:14:44.339 INFO [localhost-startStop-1] org.apache.jasper.servlet.TldScanner.scanJars At least one JAR was scanned for TLDs yet contained no TLDs. Enable debug logging for this logger for a complete list of JARs that were scanned but no TLDs were found in them. Skipping unneeded JARs during scanning can improve startup time and JSP compilation time.
05-Jun-2016 12:14:44.529 INFO [localhost-startStop-1] org.apache.catalina.util.SessionIdGeneratorBase.createSecureRandom Creation of SecureRandom instance for session ID generation using [SHA1PRNG] took [156] milliseconds.
05-Jun-2016 12:14:44.574 INFO [localhost-startStop-1] org.apache.catalina.startup.HostConfig.deployDescriptor Deployment of configuration descriptor C:\Users\Ivo\itm_skeleton_a3_SS16\ITM_Ass3\assignment3\tools\tomcat\apache-tomcat-9.0.0.M1\conf\Catalina\localhost\itm.xml has finished in 1,672 ms
05-Jun-2016 12:14:44.576 INFO [localhost-startStop-1] org.apache.catalina.startup.HostConfig.deployDirectory Deploying web application directory C:\Users\Ivo\itm_skeleton_a3_SS16\ITM_Ass3\assignment3\tools\tomcat\apache-tomcat-9.0.0.M1\webapps\ROOT
05-Jun-2016 12:14:44.626 INFO [localhost-startStop-1] org.apache.catalina.startup.HostConfig.deployDirectory Deployment of web application directory C:\Users\Ivo\itm_skeleton_a3_SS16\ITM_Ass3\assignment3\tools\tomcat\apache-tomcat-9.0.0.M1\webapps\ROOT has finished in 50 ms
05-Jun-2016 12:14:44.633 INFO [main] org.apache.coyote.AbstractProtocol.start Starting ProtocolHandler [http-nio-8080]
05-Jun-2016 12:14:44.656 INFO [main] org.apache.coyote.AbstractProtocol.start Starting ProtocolHandler [ajp-nio-8009]
05-Jun-2016 12:14:44.666 INFO [main] org.apache.catalina.startup.Catalina.start Server startup in 1812 ms
05-Jun-2016 12:15:48.641 INFO [main] org.apache.catalina.core.StandardServer.await A valid shutdown command was received via the shutdown port. Stopping the Server instance.
05-Jun-2016 12:15:48.642 INFO [main] org.apache.coyote.AbstractProtocol.pause Pausing ProtocolHandler ["http-nio-8080"]
05-Jun-2016 12:15:48.700 INFO [main] org.apache.coyote.AbstractProtocol.pause Pausing ProtocolHandler ["ajp-nio-8009"]
05-Jun-2016 12:15:48.753 INFO [main] org.apache.catalina.core.StandardService.stopInternal Stopping service Catalina
05-Jun-2016 12:15:48.782 INFO [localhost-startStop-2] org.apache.catalina.core.StandardWrapper.unload Waiting for 1 instance(s) to be deallocated for Servlet [jsp]
05-Jun-2016 12:15:49.784 INFO [localhost-startStop-2] org.apache.catalina.core.StandardWrapper.unload Waiting for 1 instance(s) to be deallocated for Servlet [jsp]
05-Jun-2016 12:15:50.784 INFO [localhost-startStop-2] org.apache.catalina.core.StandardWrapper.unload Waiting for 1 instance(s) to be deallocated for Servlet [jsp]
05-Jun-2016 12:15:50.904 WARNING [localhost-startStop-2] org.apache.catalina.loader.WebappClassLoaderBase.clearReferencesThreads The web application [itm] is still processing a request that has yet to finish. This is very likely to create a memory leak. You can control the time allowed for requests to finish by using the unloadDelay attribute of the standard Context implementation. Stack trace of request processing thread:
 itm.util.ImageCompare.getAverageBrightness(Unknown Source)
 itm.util.ImageCompare.compare(Unknown Source)
 itm.video.VideoThumbnailGenerator.processVideo(Unknown Source)
 itm.video.VideoThumbnailGenerator.batchProcessVideoFiles(Unknown Source)
 itm.model.MediaFactory.loadMedia(Unknown Source)
 itm.model.MediaFactory.getMedia(Unknown Source)
 org.apache.jsp.index_jsp._jspService(index_jsp.java:160)
 org.apache.jasper.runtime.HttpJspBase.service(HttpJspBase.java:70)
 javax.servlet.http.HttpServlet.service(HttpServlet.java:729)
 org.apache.jasper.servlet.JspServletWrapper.service(JspServletWrapper.java:438)
 org.apache.jasper.servlet.JspServlet.serviceJspFile(JspServlet.java:385)
 org.apache.jasper.servlet.JspServlet.service(JspServlet.java:329)
 javax.servlet.http.HttpServlet.service(HttpServlet.java:729)
 org.apache.catalina.core.ApplicationFilterChain.internalDoFilter(ApplicationFilterChain.java:269)
 org.apache.catalina.core.ApplicationFilterChain.doFilter(ApplicationFilterChain.java:184)
 org.apache.tomcat.websocket.server.WsFilter.doFilter(WsFilter.java:53)
 org.apache.catalina.core.ApplicationFilterChain.internalDoFilter(ApplicationFilterChain.java:217)
 org.apache.catalina.core.ApplicationFilterChain.doFilter(ApplicationFilterChain.java:184)
 org.apache.catalina.core.StandardWrapperValve.invoke(StandardWrapperValve.java:199)
 org.apache.catalina.core.StandardContextValve.invoke(StandardContextValve.java:105)
 org.apache.catalina.authenticator.AuthenticatorBase.invoke(AuthenticatorBase.java:506)
 org.apache.catalina.core.StandardHostValve.invoke(StandardHostValve.java:140)
 org.apache.catalina.valves.ErrorReportValve.invoke(ErrorReportValve.java:79)
 org.apache.catalina.valves.AbstractAccessLogValve.invoke(AbstractAccessLogValve.java:616)
 org.apache.catalina.core.StandardEngineValve.invoke(StandardEngineValve.java:87)
 org.apache.catalina.connector.CoyoteAdapter.service(CoyoteAdapter.java:361)
 org.apache.coyote.http11.Http11Processor.service(Http11Processor.java:1080)
 org.apache.coyote.AbstractProcessorLight.process(AbstractProcessorLight.java:75)
 org.apache.coyote.AbstractProtocol$ConnectionHandler.process(AbstractProtocol.java:757)
 org.apache.tomcat.util.net.NioEndpoint$SocketProcessor.run(NioEndpoint.java:1515)
 java.util.concurrent.ThreadPoolExecutor.runWorker(ThreadPoolExecutor.java:1142)
 java.util.concurrent.ThreadPoolExecutor$Worker.run(ThreadPoolExecutor.java:617)
 org.apache.tomcat.util.threads.TaskThread$WrappingRunnable.run(TaskThread.java:61)
 java.lang.Thread.run(Thread.java:745)
05-Jun-2016 12:15:50.917 SEVERE [localhost-startStop-2] org.apache.catalina.loader.WebappClassLoaderBase.checkThreadLocalMapForLeaks The web application [itm] created a ThreadLocal with key of type [java.lang.ThreadLocal] (value [java.lang.ThreadLocal@39dd3294]) and a value of type [com.xuggle.ferry.JNIThreadProxy] (value [Thread[Thread-6,5,main]]) but failed to remove it when the web application was stopped. Threads are going to be renewed over time to try and avoid a probable memory leak.
05-Jun-2016 12:15:50.931 INFO [main] org.apache.coyote.AbstractProtocol.stop Stopping ProtocolHandler ["http-nio-8080"]
05-Jun-2016 12:15:54.216 INFO [main] org.apache.catalina.startup.VersionLoggerListener.log Server version:        Apache Tomcat/9.0.0.M1
05-Jun-2016 12:15:54.218 INFO [main] org.apache.catalina.startup.VersionLoggerListener.log Server built:          Nov 12 2015 22:05:52 UTC
05-Jun-2016 12:15:54.219 INFO [main] org.apache.catalina.startup.VersionLoggerListener.log Server number:         9.0.0.0
05-Jun-2016 12:15:54.219 INFO [main] org.apache.catalina.startup.VersionLoggerListener.log OS Name:               Windows 8.1
05-Jun-2016 12:15:54.219 INFO [main] org.apache.catalina.startup.VersionLoggerListener.log OS Version:            6.3
05-Jun-2016 12:15:54.220 INFO [main] org.apache.catalina.startup.VersionLoggerListener.log Architecture:          amd64
05-Jun-2016 12:15:54.220 INFO [main] org.apache.catalina.startup.VersionLoggerListener.log Java Home:             C:\Program Files\Java\jdk1.8.0_73\jre
05-Jun-2016 12:15:54.220 INFO [main] org.apache.catalina.startup.VersionLoggerListener.log JVM Version:           1.8.0_73-b02
05-Jun-2016 12:15:54.221 INFO [main] org.apache.catalina.startup.VersionLoggerListener.log JVM Vendor:            Oracle Corporation
05-Jun-2016 12:15:54.221 INFO [main] org.apache.catalina.startup.VersionLoggerListener.log CATALINA_BASE:         C:\Users\Ivo\itm_skeleton_a3_SS16\ITM_Ass3\assignment3\tools\tomcat\apache-tomcat-9.0.0.M1
05-Jun-2016 12:15:54.221 INFO [main] org.apache.catalina.startup.VersionLoggerListener.log CATALINA_HOME:         C:\Users\Ivo\itm_skeleton_a3_SS16\ITM_Ass3\assignment3\tools\tomcat\apache-tomcat-9.0.0.M1
05-Jun-2016 12:15:54.222 INFO [main] org.apache.catalina.startup.VersionLoggerListener.log Command line argument: -Djava.util.logging.config.file=tools\tomcat\apache-tomcat-9.0.0.M1\conf\logging.properties
05-Jun-2016 12:15:54.223 INFO [main] org.apache.catalina.startup.VersionLoggerListener.log Command line argument: -Djava.util.logging.manager=org.apache.juli.ClassLoaderLogManager
05-Jun-2016 12:15:54.223 INFO [main] org.apache.catalina.startup.VersionLoggerListener.log Command line argument: -Xmx512m
05-Jun-2016 12:15:54.224 INFO [main] org.apache.catalina.startup.VersionLoggerListener.log Command line argument: -Dcatalina.base=tools\tomcat\apache-tomcat-9.0.0.M1
05-Jun-2016 12:15:54.225 INFO [main] org.apache.catalina.startup.VersionLoggerListener.log Command line argument: -Dcatalina.home=tools\tomcat\apache-tomcat-9.0.0.M1
05-Jun-2016 12:15:54.225 INFO [main] org.apache.catalina.startup.VersionLoggerListener.log Command line argument: -Djava.io.tmpdir=tools\tomcat\apache-tomcat-9.0.0.M1\temp
05-Jun-2016 12:15:54.226 INFO [main] org.apache.catalina.core.AprLifecycleListener.lifecycleEvent The APR based Apache Tomcat Native library which allows optimal performance in production environments was not found on the java.library.path: C:\Program Files\Java\jdk1.8.0_73\bin;C:\WINDOWS\Sun\Java\bin;C:\WINDOWS\system32;C:\WINDOWS;C:\ProgramData\Oracle\Java\javapath;C:\Program Files (x86)\Intel\iCLS Client\;C:\Program Files\Intel\iCLS Client\;C:\Program Files (x86)\NVIDIA Corporation\PhysX\Common;C:\WINDOWS\system32;C:\WINDOWS;C:\WINDOWS\System32\Wbem;C:\WINDOWS\System32\WindowsPowerShell\v1.0\;C:\Program Files\Intel\Intel(R) Management Engine Components\DAL;C:\Program Files\Intel\Intel(R) Management Engine Components\IPT;C:\Program Files (x86)\Intel\Intel(R) Management Engine Components\DAL;C:\Program Files (x86)\Intel\Intel(R) Management Engine Components\IPT;C:\Program Files (x86)\Windows Kits\8.0\Windows Performance Toolkit\;c:\Program Files (x86)\Microsoft SQL Server\100\Tools\Binn\;c:\Program Files\Microsoft SQL Server\100\Tools\Binn\;c:\Program Files\Microsoft SQL Server\100\DTS\Binn\;c:\Program Files (x86)\Microsoft SQL Server\110\Tools\Binn\;c:\Program Files (x86)\Microsoft SQL Server\110\DTS\Binn\;C:\Program Files (x86)\Windows Live\Shared;C:\Program Files (x86)\Skype\Phone\;C:\Program Files\Java\jdk1.8.0_73\bin;C:\Program Files\nodejs\;C:\Program Files\Git\cmd;c:/mingw/msys/1.0/bin;c:/mingw/msys/1.0;c:/mingw/bin;c:/mingw;C:\Program Files\Java\jdk1.8.0_73\bin;C:\Program Files (x86)\Microsoft VS Code\bin;C:\Users\Ivo\AppData\Roaming\npm;C:\Users\Ivo\AppData\Local\Android\sdk\platform-tools;C:\Program Files (x86)\apache-maven-3.3.9-bin\apache-maven-3.3.9\bin;.
05-Jun-2016 12:15:54.447 INFO [main] org.apache.coyote.AbstractProtocol.init Initializing ProtocolHandler ["http-nio-8080"]
05-Jun-2016 12:15:54.467 SEVERE [main] org.apache.coyote.AbstractProtocol.init Failed to initialize end point associated with ProtocolHandler ["http-nio-8080"]
 java.net.BindException: Address already in use: bind
	at sun.nio.ch.Net.bind0(Native Method)
	at sun.nio.ch.Net.bind(Net.java:433)
	at sun.nio.ch.Net.bind(Net.java:425)
	at sun.nio.ch.ServerSocketChannelImpl.bind(ServerSocketChannelImpl.java:223)
	at sun.nio.ch.ServerSocketAdaptor.bind(ServerSocketAdaptor.java:74)
	at org.apache.tomcat.util.net.NioEndpoint.bind(NioEndpoint.java:245)
	at org.apache.tomcat.util.net.AbstractEndpoint.init(AbstractEndpoint.java:790)
	at org.apache.coyote.AbstractProtocol.init(AbstractProtocol.java:544)
	at org.apache.coyote.http11.AbstractHttp11Protocol.init(AbstractHttp11Protocol.java:67)
	at org.apache.catalina.connector.Connector.initInternal(Connector.java:978)
	at org.apache.catalina.util.LifecycleBase.init(LifecycleBase.java:107)
	at org.apache.catalina.core.StandardService.initInternal(StandardService.java:569)
	at org.apache.catalina.util.LifecycleBase.init(LifecycleBase.java:107)
	at org.apache.catalina.core.StandardServer.initInternal(StandardServer.java:851)
	at org.apache.catalina.util.LifecycleBase.init(LifecycleBase.java:107)
	at org.apache.catalina.startup.Catalina.load(Catalina.java:600)
	at org.apache.catalina.startup.Catalina.load(Catalina.java:623)
	at sun.reflect.NativeMethodAccessorImpl.invoke0(Native Method)
	at sun.reflect.NativeMethodAccessorImpl.invoke(NativeMethodAccessorImpl.java:62)
	at sun.reflect.DelegatingMethodAccessorImpl.invoke(DelegatingMethodAccessorImpl.java:43)
	at java.lang.reflect.Method.invoke(Method.java:497)
	at org.apache.catalina.startup.Bootstrap.load(Bootstrap.java:310)
	at org.apache.catalina.startup.Bootstrap.main(Bootstrap.java:484)

05-Jun-2016 12:15:54.472 SEVERE [main] org.apache.catalina.core.StandardService.initInternal Failed to initialize connector [Connector[HTTP/1.1-8080]]
 org.apache.catalina.LifecycleException: Failed to initialize component [Connector[HTTP/1.1-8080]]
	at org.apache.catalina.util.LifecycleBase.init(LifecycleBase.java:112)
	at org.apache.catalina.core.StandardService.initInternal(StandardService.java:569)
	at org.apache.catalina.util.LifecycleBase.init(LifecycleBase.java:107)
	at org.apache.catalina.core.StandardServer.initInternal(StandardServer.java:851)
	at org.apache.catalina.util.LifecycleBase.init(LifecycleBase.java:107)
	at org.apache.catalina.startup.Catalina.load(Catalina.java:600)
	at org.apache.catalina.startup.Catalina.load(Catalina.java:623)
	at sun.reflect.NativeMethodAccessorImpl.invoke0(Native Method)
	at sun.reflect.NativeMethodAccessorImpl.invoke(NativeMethodAccessorImpl.java:62)
	at sun.reflect.DelegatingMethodAccessorImpl.invoke(DelegatingMethodAccessorImpl.java:43)
	at java.lang.reflect.Method.invoke(Method.java:497)
	at org.apache.catalina.startup.Bootstrap.load(Bootstrap.java:310)
	at org.apache.catalina.startup.Bootstrap.main(Bootstrap.java:484)
Caused by: org.apache.catalina.LifecycleException: Protocol handler initialization failed
	at org.apache.catalina.connector.Connector.initInternal(Connector.java:982)
	at org.apache.catalina.util.LifecycleBase.init(LifecycleBase.java:107)
	... 12 more
Caused by: java.net.BindException: Address already in use: bind
	at sun.nio.ch.Net.bind0(Native Method)
	at sun.nio.ch.Net.bind(Net.java:433)
	at sun.nio.ch.Net.bind(Net.java:425)
	at sun.nio.ch.ServerSocketChannelImpl.bind(ServerSocketChannelImpl.java:223)
	at sun.nio.ch.ServerSocketAdaptor.bind(ServerSocketAdaptor.java:74)
	at org.apache.tomcat.util.net.NioEndpoint.bind(NioEndpoint.java:245)
	at org.apache.tomcat.util.net.AbstractEndpoint.init(AbstractEndpoint.java:790)
	at org.apache.coyote.AbstractProtocol.init(AbstractProtocol.java:544)
	at org.apache.coyote.http11.AbstractHttp11Protocol.init(AbstractHttp11Protocol.java:67)
	at org.apache.catalina.connector.Connector.initInternal(Connector.java:978)
	... 13 more

05-Jun-2016 12:15:54.477 INFO [main] org.apache.coyote.AbstractProtocol.init Initializing ProtocolHandler ["ajp-nio-8009"]
05-Jun-2016 12:15:54.479 SEVERE [main] org.apache.coyote.AbstractProtocol.init Failed to initialize end point associated with ProtocolHandler ["ajp-nio-8009"]
 java.net.BindException: Address already in use: bind
	at sun.nio.ch.Net.bind0(Native Method)
	at sun.nio.ch.Net.bind(Net.java:433)
	at sun.nio.ch.Net.bind(Net.java:425)
	at sun.nio.ch.ServerSocketChannelImpl.bind(ServerSocketChannelImpl.java:223)
	at sun.nio.ch.ServerSocketAdaptor.bind(ServerSocketAdaptor.java:74)
	at org.apache.tomcat.util.net.NioEndpoint.bind(NioEndpoint.java:245)
	at org.apache.tomcat.util.net.AbstractEndpoint.init(AbstractEndpoint.java:790)
	at org.apache.coyote.AbstractProtocol.init(AbstractProtocol.java:544)
	at org.apache.catalina.connector.Connector.initInternal(Connector.java:978)
	at org.apache.catalina.util.LifecycleBase.init(LifecycleBase.java:107)
	at org.apache.catalina.core.StandardService.initInternal(StandardService.java:569)
	at org.apache.catalina.util.LifecycleBase.init(LifecycleBase.java:107)
	at org.apache.catalina.core.StandardServer.initInternal(StandardServer.java:851)
	at org.apache.catalina.util.LifecycleBase.init(LifecycleBase.java:107)
	at org.apache.catalina.startup.Catalina.load(Catalina.java:600)
	at org.apache.catalina.startup.Catalina.load(Catalina.java:623)
	at sun.reflect.NativeMethodAccessorImpl.invoke0(Native Method)
	at sun.reflect.NativeMethodAccessorImpl.invoke(NativeMethodAccessorImpl.java:62)
	at sun.reflect.DelegatingMethodAccessorImpl.invoke(DelegatingMethodAccessorImpl.java:43)
	at java.lang.reflect.Method.invoke(Method.java:497)
	at org.apache.catalina.startup.Bootstrap.load(Bootstrap.java:310)
	at org.apache.catalina.startup.Bootstrap.main(Bootstrap.java:484)

05-Jun-2016 12:15:54.483 SEVERE [main] org.apache.catalina.core.StandardService.initInternal Failed to initialize connector [Connector[AJP/1.3-8009]]
 org.apache.catalina.LifecycleException: Failed to initialize component [Connector[AJP/1.3-8009]]
	at org.apache.catalina.util.LifecycleBase.init(LifecycleBase.java:112)
	at org.apache.catalina.core.StandardService.initInternal(StandardService.java:569)
	at org.apache.catalina.util.LifecycleBase.init(LifecycleBase.java:107)
	at org.apache.catalina.core.StandardServer.initInternal(StandardServer.java:851)
	at org.apache.catalina.util.LifecycleBase.init(LifecycleBase.java:107)
	at org.apache.catalina.startup.Catalina.load(Catalina.java:600)
	at org.apache.catalina.startup.Catalina.load(Catalina.java:623)
	at sun.reflect.NativeMethodAccessorImpl.invoke0(Native Method)
	at sun.reflect.NativeMethodAccessorImpl.invoke(NativeMethodAccessorImpl.java:62)
	at sun.reflect.DelegatingMethodAccessorImpl.invoke(DelegatingMethodAccessorImpl.java:43)
	at java.lang.reflect.Method.invoke(Method.java:497)
	at org.apache.catalina.startup.Bootstrap.load(Bootstrap.java:310)
	at org.apache.catalina.startup.Bootstrap.main(Bootstrap.java:484)
Caused by: org.apache.catalina.LifecycleException: Protocol handler initialization failed
	at org.apache.catalina.connector.Connector.initInternal(Connector.java:982)
	at org.apache.catalina.util.LifecycleBase.init(LifecycleBase.java:107)
	... 12 more
Caused by: java.net.BindException: Address already in use: bind
	at sun.nio.ch.Net.bind0(Native Method)
	at sun.nio.ch.Net.bind(Net.java:433)
	at sun.nio.ch.Net.bind(Net.java:425)
	at sun.nio.ch.ServerSocketChannelImpl.bind(ServerSocketChannelImpl.java:223)
	at sun.nio.ch.ServerSocketAdaptor.bind(ServerSocketAdaptor.java:74)
	at org.apache.tomcat.util.net.NioEndpoint.bind(NioEndpoint.java:245)
	at org.apache.tomcat.util.net.AbstractEndpoint.init(AbstractEndpoint.java:790)
	at org.apache.coyote.AbstractProtocol.init(AbstractProtocol.java:544)
	at org.apache.catalina.connector.Connector.initInternal(Connector.java:978)
	... 13 more

05-Jun-2016 12:15:54.486 INFO [main] org.apache.catalina.startup.Catalina.load Initialization processed in 857 ms
05-Jun-2016 12:15:54.527 INFO [main] org.apache.catalina.core.StandardService.startInternal Starting service Catalina
05-Jun-2016 12:15:54.528 INFO [main] org.apache.catalina.core.StandardEngine.startInternal Starting Servlet Engine: Apache Tomcat/9.0.0.M1
05-Jun-2016 12:15:54.542 INFO [localhost-startStop-1] org.apache.catalina.startup.HostConfig.deployDescriptor Deploying configuration descriptor C:\Users\Ivo\itm_skeleton_a3_SS16\ITM_Ass3\assignment3\tools\tomcat\apache-tomcat-9.0.0.M1\conf\Catalina\localhost\itm.xml
05-Jun-2016 12:15:54.601 WARNING [localhost-startStop-1] org.apache.catalina.startup.SetContextPropertiesRule.begin [SetContextPropertiesRule]{Context} Setting property 'debug' to '0' did not find a matching property.
05-Jun-2016 12:15:55.857 INFO [localhost-startStop-1] org.apache.jasper.servlet.TldScanner.scanJars At least one JAR was scanned for TLDs yet contained no TLDs. Enable debug logging for this logger for a complete list of JARs that were scanned but no TLDs were found in them. Skipping unneeded JARs during scanning can improve startup time and JSP compilation time.
05-Jun-2016 12:15:55.939 WARNING [main] org.apache.tomcat.util.net.AbstractEndpoint.shutdownExecutor The executor associated with thread pool [http-nio-8080] has not fully shutdown. Some application threads may still be running.
05-Jun-2016 12:15:55.940 INFO [main] org.apache.coyote.AbstractProtocol.stop Stopping ProtocolHandler ["ajp-nio-8009"]
05-Jun-2016 12:15:55.943 INFO [main] org.apache.coyote.AbstractProtocol.destroy Destroying ProtocolHandler ["http-nio-8080"]
05-Jun-2016 12:15:55.947 INFO [main] org.apache.coyote.AbstractProtocol.destroy Destroying ProtocolHandler ["ajp-nio-8009"]
05-Jun-2016 12:15:56.057 INFO [localhost-startStop-1] org.apache.catalina.util.SessionIdGeneratorBase.createSecureRandom Creation of SecureRandom instance for session ID generation using [SHA1PRNG] took [158] milliseconds.
05-Jun-2016 12:15:56.113 INFO [localhost-startStop-1] org.apache.catalina.startup.HostConfig.deployDescriptor Deployment of configuration descriptor C:\Users\Ivo\itm_skeleton_a3_SS16\ITM_Ass3\assignment3\tools\tomcat\apache-tomcat-9.0.0.M1\conf\Catalina\localhost\itm.xml has finished in 1,570 ms
05-Jun-2016 12:15:56.115 INFO [localhost-startStop-1] org.apache.catalina.startup.HostConfig.deployDirectory Deploying web application directory C:\Users\Ivo\itm_skeleton_a3_SS16\ITM_Ass3\assignment3\tools\tomcat\apache-tomcat-9.0.0.M1\webapps\ROOT
05-Jun-2016 12:15:56.157 INFO [localhost-startStop-1] org.apache.catalina.startup.HostConfig.deployDirectory Deployment of web application directory C:\Users\Ivo\itm_skeleton_a3_SS16\ITM_Ass3\assignment3\tools\tomcat\apache-tomcat-9.0.0.M1\webapps\ROOT has finished in 41 ms
05-Jun-2016 12:15:56.162 INFO [main] org.apache.catalina.startup.Catalina.start Server startup in 1675 ms
05-Jun-2016 12:16:32.859 INFO [main] org.apache.catalina.core.StandardServer.await A valid shutdown command was received via the shutdown port. Stopping the Server instance.
05-Jun-2016 12:16:32.861 INFO [main] org.apache.coyote.AbstractProtocol.pause Pausing ProtocolHandler ["http-nio-8080"]
05-Jun-2016 12:16:32.861 INFO [main] org.apache.coyote.AbstractProtocol.pause Pausing ProtocolHandler ["ajp-nio-8009"]
05-Jun-2016 12:16:32.862 INFO [main] org.apache.catalina.core.StandardService.stopInternal Stopping service Catalina
05-Jun-2016 12:16:32.939 INFO [main] org.apache.coyote.AbstractProtocol.stop Stopping ProtocolHandler ["http-nio-8080"]
05-Jun-2016 12:16:32.940 INFO [main] org.apache.coyote.AbstractProtocol.destroy Destroying ProtocolHandler ["http-nio-8080"]
05-Jun-2016 12:16:32.941 INFO [main] org.apache.coyote.AbstractProtocol.stop Stopping ProtocolHandler ["ajp-nio-8009"]
05-Jun-2016 12:16:32.942 INFO [main] org.apache.coyote.AbstractProtocol.destroy Destroying ProtocolHandler ["ajp-nio-8009"]
05-Jun-2016 12:16:42.145 INFO [main] org.apache.catalina.startup.VersionLoggerListener.log Server version:        Apache Tomcat/9.0.0.M1
05-Jun-2016 12:16:42.147 INFO [main] org.apache.catalina.startup.VersionLoggerListener.log Server built:          Nov 12 2015 22:05:52 UTC
05-Jun-2016 12:16:42.148 INFO [main] org.apache.catalina.startup.VersionLoggerListener.log Server number:         9.0.0.0
05-Jun-2016 12:16:42.148 INFO [main] org.apache.catalina.startup.VersionLoggerListener.log OS Name:               Windows 8.1
05-Jun-2016 12:16:42.149 INFO [main] org.apache.catalina.startup.VersionLoggerListener.log OS Version:            6.3
05-Jun-2016 12:16:42.149 INFO [main] org.apache.catalina.startup.VersionLoggerListener.log Architecture:          amd64
05-Jun-2016 12:16:42.149 INFO [main] org.apache.catalina.startup.VersionLoggerListener.log Java Home:             C:\Program Files\Java\jdk1.8.0_73\jre
05-Jun-2016 12:16:42.150 INFO [main] org.apache.catalina.startup.VersionLoggerListener.log JVM Version:           1.8.0_73-b02
05-Jun-2016 12:16:42.150 INFO [main] org.apache.catalina.startup.VersionLoggerListener.log JVM Vendor:            Oracle Corporation
05-Jun-2016 12:16:42.150 INFO [main] org.apache.catalina.startup.VersionLoggerListener.log CATALINA_BASE:         C:\Users\Ivo\itm_skeleton_a3_SS16\ITM_Ass3\assignment3\tools\tomcat\apache-tomcat-9.0.0.M1
05-Jun-2016 12:16:42.151 INFO [main] org.apache.catalina.startup.VersionLoggerListener.log CATALINA_HOME:         C:\Users\Ivo\itm_skeleton_a3_SS16\ITM_Ass3\assignment3\tools\tomcat\apache-tomcat-9.0.0.M1
05-Jun-2016 12:16:42.153 INFO [main] org.apache.catalina.startup.VersionLoggerListener.log Command line argument: -Djava.util.logging.config.file=tools\tomcat\apache-tomcat-9.0.0.M1\conf\logging.properties
05-Jun-2016 12:16:42.153 INFO [main] org.apache.catalina.startup.VersionLoggerListener.log Command line argument: -Djava.util.logging.manager=org.apache.juli.ClassLoaderLogManager
05-Jun-2016 12:16:42.154 INFO [main] org.apache.catalina.startup.VersionLoggerListener.log Command line argument: -Xmx512m
05-Jun-2016 12:16:42.154 INFO [main] org.apache.catalina.startup.VersionLoggerListener.log Command line argument: -Dcatalina.base=tools\tomcat\apache-tomcat-9.0.0.M1
05-Jun-2016 12:16:42.155 INFO [main] org.apache.catalina.startup.VersionLoggerListener.log Command line argument: -Dcatalina.home=tools\tomcat\apache-tomcat-9.0.0.M1
05-Jun-2016 12:16:42.155 INFO [main] org.apache.catalina.startup.VersionLoggerListener.log Command line argument: -Djava.io.tmpdir=tools\tomcat\apache-tomcat-9.0.0.M1\temp
05-Jun-2016 12:16:42.156 INFO [main] org.apache.catalina.core.AprLifecycleListener.lifecycleEvent The APR based Apache Tomcat Native library which allows optimal performance in production environments was not found on the java.library.path: C:\Program Files\Java\jdk1.8.0_73\bin;C:\WINDOWS\Sun\Java\bin;C:\WINDOWS\system32;C:\WINDOWS;C:\ProgramData\Oracle\Java\javapath;C:\Program Files (x86)\Intel\iCLS Client\;C:\Program Files\Intel\iCLS Client\;C:\Program Files (x86)\NVIDIA Corporation\PhysX\Common;C:\WINDOWS\system32;C:\WINDOWS;C:\WINDOWS\System32\Wbem;C:\WINDOWS\System32\WindowsPowerShell\v1.0\;C:\Program Files\Intel\Intel(R) Management Engine Components\DAL;C:\Program Files\Intel\Intel(R) Management Engine Components\IPT;C:\Program Files (x86)\Intel\Intel(R) Management Engine Components\DAL;C:\Program Files (x86)\Intel\Intel(R) Management Engine Components\IPT;C:\Program Files (x86)\Windows Kits\8.0\Windows Performance Toolkit\;c:\Program Files (x86)\Microsoft SQL Server\100\Tools\Binn\;c:\Program Files\Microsoft SQL Server\100\Tools\Binn\;c:\Program Files\Microsoft SQL Server\100\DTS\Binn\;c:\Program Files (x86)\Microsoft SQL Server\110\Tools\Binn\;c:\Program Files (x86)\Microsoft SQL Server\110\DTS\Binn\;C:\Program Files (x86)\Windows Live\Shared;C:\Program Files (x86)\Skype\Phone\;C:\Program Files\Java\jdk1.8.0_73\bin;C:\Program Files\nodejs\;C:\Program Files\Git\cmd;c:/mingw/msys/1.0/bin;c:/mingw/msys/1.0;c:/mingw/bin;c:/mingw;C:\Program Files\Java\jdk1.8.0_73\bin;C:\Program Files (x86)\Microsoft VS Code\bin;C:\Users\Ivo\AppData\Roaming\npm;C:\Users\Ivo\AppData\Local\Android\sdk\platform-tools;C:\Program Files (x86)\apache-maven-3.3.9-bin\apache-maven-3.3.9\bin;.
05-Jun-2016 12:16:42.353 INFO [main] org.apache.coyote.AbstractProtocol.init Initializing ProtocolHandler ["http-nio-8080"]
05-Jun-2016 12:16:42.459 INFO [main] org.apache.tomcat.util.net.NioSelectorPool.getSharedSelector Using a shared selector for servlet write/read
05-Jun-2016 12:16:42.463 INFO [main] org.apache.coyote.AbstractProtocol.init Initializing ProtocolHandler ["ajp-nio-8009"]
05-Jun-2016 12:16:42.469 INFO [main] org.apache.tomcat.util.net.NioSelectorPool.getSharedSelector Using a shared selector for servlet write/read
05-Jun-2016 12:16:42.470 INFO [main] org.apache.catalina.startup.Catalina.load Initialization processed in 858 ms
05-Jun-2016 12:16:42.514 INFO [main] org.apache.catalina.core.StandardService.startInternal Starting service Catalina
05-Jun-2016 12:16:42.515 INFO [main] org.apache.catalina.core.StandardEngine.startInternal Starting Servlet Engine: Apache Tomcat/9.0.0.M1
05-Jun-2016 12:16:42.527 INFO [localhost-startStop-1] org.apache.catalina.startup.HostConfig.deployDescriptor Deploying configuration descriptor C:\Users\Ivo\itm_skeleton_a3_SS16\ITM_Ass3\assignment3\tools\tomcat\apache-tomcat-9.0.0.M1\conf\Catalina\localhost\itm.xml
05-Jun-2016 12:16:42.580 WARNING [localhost-startStop-1] org.apache.catalina.startup.SetContextPropertiesRule.begin [SetContextPropertiesRule]{Context} Setting property 'debug' to '0' did not find a matching property.
05-Jun-2016 12:16:43.705 INFO [localhost-startStop-1] org.apache.jasper.servlet.TldScanner.scanJars At least one JAR was scanned for TLDs yet contained no TLDs. Enable debug logging for this logger for a complete list of JARs that were scanned but no TLDs were found in them. Skipping unneeded JARs during scanning can improve startup time and JSP compilation time.
05-Jun-2016 12:16:43.882 INFO [localhost-startStop-1] org.apache.catalina.util.SessionIdGeneratorBase.createSecureRandom Creation of SecureRandom instance for session ID generation using [SHA1PRNG] took [145] milliseconds.
05-Jun-2016 12:16:43.928 INFO [localhost-startStop-1] org.apache.catalina.startup.HostConfig.deployDescriptor Deployment of configuration descriptor C:\Users\Ivo\itm_skeleton_a3_SS16\ITM_Ass3\assignment3\tools\tomcat\apache-tomcat-9.0.0.M1\conf\Catalina\localhost\itm.xml has finished in 1,400 ms
05-Jun-2016 12:16:43.929 INFO [localhost-startStop-1] org.apache.catalina.startup.HostConfig.deployDirectory Deploying web application directory C:\Users\Ivo\itm_skeleton_a3_SS16\ITM_Ass3\assignment3\tools\tomcat\apache-tomcat-9.0.0.M1\webapps\ROOT
05-Jun-2016 12:16:43.958 INFO [localhost-startStop-1] org.apache.catalina.startup.HostConfig.deployDirectory Deployment of web application directory C:\Users\Ivo\itm_skeleton_a3_SS16\ITM_Ass3\assignment3\tools\tomcat\apache-tomcat-9.0.0.M1\webapps\ROOT has finished in 29 ms
05-Jun-2016 12:16:43.961 INFO [main] org.apache.coyote.AbstractProtocol.start Starting ProtocolHandler [http-nio-8080]
05-Jun-2016 12:16:43.974 INFO [main] org.apache.coyote.AbstractProtocol.start Starting ProtocolHandler [ajp-nio-8009]
05-Jun-2016 12:16:43.982 INFO [main] org.apache.catalina.startup.Catalina.start Server startup in 1511 ms
05-Jun-2016 12:20:11.482 INFO [main] org.apache.catalina.core.StandardServer.await A valid shutdown command was received via the shutdown port. Stopping the Server instance.
05-Jun-2016 12:20:11.484 INFO [main] org.apache.coyote.AbstractProtocol.pause Pausing ProtocolHandler ["http-nio-8080"]
05-Jun-2016 12:20:11.542 INFO [main] org.apache.coyote.AbstractProtocol.pause Pausing ProtocolHandler ["ajp-nio-8009"]
05-Jun-2016 12:20:11.597 INFO [main] org.apache.catalina.core.StandardService.stopInternal Stopping service Catalina
05-Jun-2016 12:20:11.649 SEVERE [localhost-startStop-2] org.apache.catalina.loader.WebappClassLoaderBase.checkThreadLocalMapForLeaks The web application [itm] created a ThreadLocal with key of type [java.lang.ThreadLocal] (value [java.lang.ThreadLocal@4d670360]) and a value of type [com.xuggle.ferry.JNIThreadProxy] (value [Thread[Thread-6,5,main]]) but failed to remove it when the web application was stopped. Threads are going to be renewed over time to try and avoid a probable memory leak.
05-Jun-2016 12:20:11.655 INFO [main] org.apache.coyote.AbstractProtocol.stop Stopping ProtocolHandler ["http-nio-8080"]
05-Jun-2016 12:20:11.660 INFO [main] org.apache.coyote.AbstractProtocol.stop Stopping ProtocolHandler ["ajp-nio-8009"]
05-Jun-2016 12:20:11.664 INFO [main] org.apache.coyote.AbstractProtocol.destroy Destroying ProtocolHandler ["http-nio-8080"]
05-Jun-2016 12:20:11.670 INFO [main] org.apache.coyote.AbstractProtocol.destroy Destroying ProtocolHandler ["ajp-nio-8009"]
05-Jun-2016 12:20:50.972 INFO [main] org.apache.catalina.startup.VersionLoggerListener.log Server version:        Apache Tomcat/9.0.0.M1
05-Jun-2016 12:20:50.974 INFO [main] org.apache.catalina.startup.VersionLoggerListener.log Server built:          Nov 12 2015 22:05:52 UTC
05-Jun-2016 12:20:50.974 INFO [main] org.apache.catalina.startup.VersionLoggerListener.log Server number:         9.0.0.0
05-Jun-2016 12:20:50.974 INFO [main] org.apache.catalina.startup.VersionLoggerListener.log OS Name:               Windows 8.1
05-Jun-2016 12:20:50.975 INFO [main] org.apache.catalina.startup.VersionLoggerListener.log OS Version:            6.3
05-Jun-2016 12:20:50.975 INFO [main] org.apache.catalina.startup.VersionLoggerListener.log Architecture:          amd64
05-Jun-2016 12:20:50.975 INFO [main] org.apache.catalina.startup.VersionLoggerListener.log Java Home:             C:\Program Files\Java\jdk1.8.0_73\jre
05-Jun-2016 12:20:50.975 INFO [main] org.apache.catalina.startup.VersionLoggerListener.log JVM Version:           1.8.0_73-b02
05-Jun-2016 12:20:50.976 INFO [main] org.apache.catalina.startup.VersionLoggerListener.log JVM Vendor:            Oracle Corporation
05-Jun-2016 12:20:50.976 INFO [main] org.apache.catalina.startup.VersionLoggerListener.log CATALINA_BASE:         C:\Users\Ivo\itm_skeleton_a3_SS16\ITM_Ass3\assignment3\tools\tomcat\apache-tomcat-9.0.0.M1
05-Jun-2016 12:20:50.976 INFO [main] org.apache.catalina.startup.VersionLoggerListener.log CATALINA_HOME:         C:\Users\Ivo\itm_skeleton_a3_SS16\ITM_Ass3\assignment3\tools\tomcat\apache-tomcat-9.0.0.M1
05-Jun-2016 12:20:50.977 INFO [main] org.apache.catalina.startup.VersionLoggerListener.log Command line argument: -Djava.util.logging.config.file=tools\tomcat\apache-tomcat-9.0.0.M1\conf\logging.properties
05-Jun-2016 12:20:50.977 INFO [main] org.apache.catalina.startup.VersionLoggerListener.log Command line argument: -Djava.util.logging.manager=org.apache.juli.ClassLoaderLogManager
05-Jun-2016 12:20:50.978 INFO [main] org.apache.catalina.startup.VersionLoggerListener.log Command line argument: -Xmx512m
05-Jun-2016 12:20:50.978 INFO [main] org.apache.catalina.startup.VersionLoggerListener.log Command line argument: -Dcatalina.base=tools\tomcat\apache-tomcat-9.0.0.M1
05-Jun-2016 12:20:50.979 INFO [main] org.apache.catalina.startup.VersionLoggerListener.log Command line argument: -Dcatalina.home=tools\tomcat\apache-tomcat-9.0.0.M1
05-Jun-2016 12:20:50.980 INFO [main] org.apache.catalina.startup.VersionLoggerListener.log Command line argument: -Djava.io.tmpdir=tools\tomcat\apache-tomcat-9.0.0.M1\temp
05-Jun-2016 12:20:50.980 INFO [main] org.apache.catalina.core.AprLifecycleListener.lifecycleEvent The APR based Apache Tomcat Native library which allows optimal performance in production environments was not found on the java.library.path: C:\Program Files\Java\jdk1.8.0_73\bin;C:\WINDOWS\Sun\Java\bin;C:\WINDOWS\system32;C:\WINDOWS;C:\ProgramData\Oracle\Java\javapath;C:\Program Files (x86)\Intel\iCLS Client\;C:\Program Files\Intel\iCLS Client\;C:\Program Files (x86)\NVIDIA Corporation\PhysX\Common;C:\WINDOWS\system32;C:\WINDOWS;C:\WINDOWS\System32\Wbem;C:\WINDOWS\System32\WindowsPowerShell\v1.0\;C:\Program Files\Intel\Intel(R) Management Engine Components\DAL;C:\Program Files\Intel\Intel(R) Management Engine Components\IPT;C:\Program Files (x86)\Intel\Intel(R) Management Engine Components\DAL;C:\Program Files (x86)\Intel\Intel(R) Management Engine Components\IPT;C:\Program Files (x86)\Windows Kits\8.0\Windows Performance Toolkit\;c:\Program Files (x86)\Microsoft SQL Server\100\Tools\Binn\;c:\Program Files\Microsoft SQL Server\100\Tools\Binn\;c:\Program Files\Microsoft SQL Server\100\DTS\Binn\;c:\Program Files (x86)\Microsoft SQL Server\110\Tools\Binn\;c:\Program Files (x86)\Microsoft SQL Server\110\DTS\Binn\;C:\Program Files (x86)\Windows Live\Shared;C:\Program Files (x86)\Skype\Phone\;C:\Program Files\Java\jdk1.8.0_73\bin;C:\Program Files\nodejs\;C:\Program Files\Git\cmd;c:/mingw/msys/1.0/bin;c:/mingw/msys/1.0;c:/mingw/bin;c:/mingw;C:\Program Files\Java\jdk1.8.0_73\bin;C:\Program Files (x86)\Microsoft VS Code\bin;C:\Users\Ivo\AppData\Roaming\npm;C:\Users\Ivo\AppData\Local\Android\sdk\platform-tools;C:\Program Files (x86)\apache-maven-3.3.9-bin\apache-maven-3.3.9\bin;.
05-Jun-2016 12:20:51.174 INFO [main] org.apache.coyote.AbstractProtocol.init Initializing ProtocolHandler ["http-nio-8080"]
05-Jun-2016 12:20:51.274 INFO [main] org.apache.tomcat.util.net.NioSelectorPool.getSharedSelector Using a shared selector for servlet write/read
05-Jun-2016 12:20:51.277 INFO [main] org.apache.coyote.AbstractProtocol.init Initializing ProtocolHandler ["ajp-nio-8009"]
05-Jun-2016 12:20:51.282 INFO [main] org.apache.tomcat.util.net.NioSelectorPool.getSharedSelector Using a shared selector for servlet write/read
05-Jun-2016 12:20:51.283 INFO [main] org.apache.catalina.startup.Catalina.load Initialization processed in 804 ms
05-Jun-2016 12:20:51.320 INFO [main] org.apache.catalina.core.StandardService.startInternal Starting service Catalina
05-Jun-2016 12:20:51.321 INFO [main] org.apache.catalina.core.StandardEngine.startInternal Starting Servlet Engine: Apache Tomcat/9.0.0.M1
05-Jun-2016 12:20:51.333 INFO [localhost-startStop-1] org.apache.catalina.startup.HostConfig.deployDescriptor Deploying configuration descriptor C:\Users\Ivo\itm_skeleton_a3_SS16\ITM_Ass3\assignment3\tools\tomcat\apache-tomcat-9.0.0.M1\conf\Catalina\localhost\itm.xml
05-Jun-2016 12:20:51.384 WARNING [localhost-startStop-1] org.apache.catalina.startup.SetContextPropertiesRule.begin [SetContextPropertiesRule]{Context} Setting property 'debug' to '0' did not find a matching property.
05-Jun-2016 12:20:52.533 INFO [localhost-startStop-1] org.apache.jasper.servlet.TldScanner.scanJars At least one JAR was scanned for TLDs yet contained no TLDs. Enable debug logging for this logger for a complete list of JARs that were scanned but no TLDs were found in them. Skipping unneeded JARs during scanning can improve startup time and JSP compilation time.
05-Jun-2016 12:20:52.733 INFO [localhost-startStop-1] org.apache.catalina.util.SessionIdGeneratorBase.createSecureRandom Creation of SecureRandom instance for session ID generation using [SHA1PRNG] took [169] milliseconds.
05-Jun-2016 12:20:52.987 INFO [localhost-startStop-1] org.apache.catalina.startup.HostConfig.deployDescriptor Deployment of configuration descriptor C:\Users\Ivo\itm_skeleton_a3_SS16\ITM_Ass3\assignment3\tools\tomcat\apache-tomcat-9.0.0.M1\conf\Catalina\localhost\itm.xml has finished in 1,655 ms
05-Jun-2016 12:20:52.988 INFO [localhost-startStop-1] org.apache.catalina.startup.HostConfig.deployDirectory Deploying web application directory C:\Users\Ivo\itm_skeleton_a3_SS16\ITM_Ass3\assignment3\tools\tomcat\apache-tomcat-9.0.0.M1\webapps\ROOT
05-Jun-2016 12:20:53.015 INFO [localhost-startStop-1] org.apache.catalina.startup.HostConfig.deployDirectory Deployment of web application directory C:\Users\Ivo\itm_skeleton_a3_SS16\ITM_Ass3\assignment3\tools\tomcat\apache-tomcat-9.0.0.M1\webapps\ROOT has finished in 27 ms
05-Jun-2016 12:20:53.019 INFO [main] org.apache.coyote.AbstractProtocol.start Starting ProtocolHandler [http-nio-8080]
05-Jun-2016 12:20:53.045 INFO [main] org.apache.coyote.AbstractProtocol.start Starting ProtocolHandler [ajp-nio-8009]
05-Jun-2016 12:20:53.055 INFO [main] org.apache.catalina.startup.Catalina.start Server startup in 1771 ms
05-Jun-2016 12:21:46.811 INFO [main] org.apache.catalina.core.StandardServer.await A valid shutdown command was received via the shutdown port. Stopping the Server instance.
05-Jun-2016 12:21:46.812 INFO [main] org.apache.coyote.AbstractProtocol.pause Pausing ProtocolHandler ["http-nio-8080"]
05-Jun-2016 12:21:46.870 INFO [main] org.apache.coyote.AbstractProtocol.pause Pausing ProtocolHandler ["ajp-nio-8009"]
05-Jun-2016 12:21:46.927 INFO [main] org.apache.catalina.core.StandardService.stopInternal Stopping service Catalina
05-Jun-2016 12:21:46.983 INFO [main] org.apache.coyote.AbstractProtocol.stop Stopping ProtocolHandler ["http-nio-8080"]
05-Jun-2016 12:21:46.996 INFO [main] org.apache.coyote.AbstractProtocol.stop Stopping ProtocolHandler ["ajp-nio-8009"]
05-Jun-2016 12:21:47.002 INFO [main] org.apache.coyote.AbstractProtocol.destroy Destroying ProtocolHandler ["http-nio-8080"]
05-Jun-2016 12:21:47.009 INFO [main] org.apache.coyote.AbstractProtocol.destroy Destroying ProtocolHandler ["ajp-nio-8009"]
05-Jun-2016 12:21:51.173 INFO [main] org.apache.catalina.startup.VersionLoggerListener.log Server version:        Apache Tomcat/9.0.0.M1
05-Jun-2016 12:21:51.175 INFO [main] org.apache.catalina.startup.VersionLoggerListener.log Server built:          Nov 12 2015 22:05:52 UTC
05-Jun-2016 12:21:51.176 INFO [main] org.apache.catalina.startup.VersionLoggerListener.log Server number:         9.0.0.0
05-Jun-2016 12:21:51.176 INFO [main] org.apache.catalina.startup.VersionLoggerListener.log OS Name:               Windows 8.1
05-Jun-2016 12:21:51.176 INFO [main] org.apache.catalina.startup.VersionLoggerListener.log OS Version:            6.3
05-Jun-2016 12:21:51.177 INFO [main] org.apache.catalina.startup.VersionLoggerListener.log Architecture:          amd64
05-Jun-2016 12:21:51.177 INFO [main] org.apache.catalina.startup.VersionLoggerListener.log Java Home:             C:\Program Files\Java\jdk1.8.0_73\jre
05-Jun-2016 12:21:51.177 INFO [main] org.apache.catalina.startup.VersionLoggerListener.log JVM Version:           1.8.0_73-b02
05-Jun-2016 12:21:51.178 INFO [main] org.apache.catalina.startup.VersionLoggerListener.log JVM Vendor:            Oracle Corporation
05-Jun-2016 12:21:51.178 INFO [main] org.apache.catalina.startup.VersionLoggerListener.log CATALINA_BASE:         C:\Users\Ivo\itm_skeleton_a3_SS16\ITM_Ass3\assignment3\tools\tomcat\apache-tomcat-9.0.0.M1
05-Jun-2016 12:21:51.179 INFO [main] org.apache.catalina.startup.VersionLoggerListener.log CATALINA_HOME:         C:\Users\Ivo\itm_skeleton_a3_SS16\ITM_Ass3\assignment3\tools\tomcat\apache-tomcat-9.0.0.M1
05-Jun-2016 12:21:51.179 INFO [main] org.apache.catalina.startup.VersionLoggerListener.log Command line argument: -Djava.util.logging.config.file=tools\tomcat\apache-tomcat-9.0.0.M1\conf\logging.properties
05-Jun-2016 12:21:51.180 INFO [main] org.apache.catalina.startup.VersionLoggerListener.log Command line argument: -Djava.util.logging.manager=org.apache.juli.ClassLoaderLogManager
05-Jun-2016 12:21:51.180 INFO [main] org.apache.catalina.startup.VersionLoggerListener.log Command line argument: -Xmx512m
05-Jun-2016 12:21:51.181 INFO [main] org.apache.catalina.startup.VersionLoggerListener.log Command line argument: -Dcatalina.base=tools\tomcat\apache-tomcat-9.0.0.M1
05-Jun-2016 12:21:51.181 INFO [main] org.apache.catalina.startup.VersionLoggerListener.log Command line argument: -Dcatalina.home=tools\tomcat\apache-tomcat-9.0.0.M1
05-Jun-2016 12:21:51.182 INFO [main] org.apache.catalina.startup.VersionLoggerListener.log Command line argument: -Djava.io.tmpdir=tools\tomcat\apache-tomcat-9.0.0.M1\temp
05-Jun-2016 12:21:51.183 INFO [main] org.apache.catalina.core.AprLifecycleListener.lifecycleEvent The APR based Apache Tomcat Native library which allows optimal performance in production environments was not found on the java.library.path: C:\Program Files\Java\jdk1.8.0_73\bin;C:\WINDOWS\Sun\Java\bin;C:\WINDOWS\system32;C:\WINDOWS;C:\ProgramData\Oracle\Java\javapath;C:\Program Files (x86)\Intel\iCLS Client\;C:\Program Files\Intel\iCLS Client\;C:\Program Files (x86)\NVIDIA Corporation\PhysX\Common;C:\WINDOWS\system32;C:\WINDOWS;C:\WINDOWS\System32\Wbem;C:\WINDOWS\System32\WindowsPowerShell\v1.0\;C:\Program Files\Intel\Intel(R) Management Engine Components\DAL;C:\Program Files\Intel\Intel(R) Management Engine Components\IPT;C:\Program Files (x86)\Intel\Intel(R) Management Engine Components\DAL;C:\Program Files (x86)\Intel\Intel(R) Management Engine Components\IPT;C:\Program Files (x86)\Windows Kits\8.0\Windows Performance Toolkit\;c:\Program Files (x86)\Microsoft SQL Server\100\Tools\Binn\;c:\Program Files\Microsoft SQL Server\100\Tools\Binn\;c:\Program Files\Microsoft SQL Server\100\DTS\Binn\;c:\Program Files (x86)\Microsoft SQL Server\110\Tools\Binn\;c:\Program Files (x86)\Microsoft SQL Server\110\DTS\Binn\;C:\Program Files (x86)\Windows Live\Shared;C:\Program Files (x86)\Skype\Phone\;C:\Program Files\Java\jdk1.8.0_73\bin;C:\Program Files\nodejs\;C:\Program Files\Git\cmd;c:/mingw/msys/1.0/bin;c:/mingw/msys/1.0;c:/mingw/bin;c:/mingw;C:\Program Files\Java\jdk1.8.0_73\bin;C:\Program Files (x86)\Microsoft VS Code\bin;C:\Users\Ivo\AppData\Roaming\npm;C:\Users\Ivo\AppData\Local\Android\sdk\platform-tools;C:\Program Files (x86)\apache-maven-3.3.9-bin\apache-maven-3.3.9\bin;.
05-Jun-2016 12:21:51.384 INFO [main] org.apache.coyote.AbstractProtocol.init Initializing ProtocolHandler ["http-nio-8080"]
05-Jun-2016 12:21:51.491 INFO [main] org.apache.tomcat.util.net.NioSelectorPool.getSharedSelector Using a shared selector for servlet write/read
05-Jun-2016 12:21:51.497 INFO [main] org.apache.coyote.AbstractProtocol.init Initializing ProtocolHandler ["ajp-nio-8009"]
05-Jun-2016 12:21:51.503 INFO [main] org.apache.tomcat.util.net.NioSelectorPool.getSharedSelector Using a shared selector for servlet write/read
05-Jun-2016 12:21:51.504 INFO [main] org.apache.catalina.startup.Catalina.load Initialization processed in 851 ms
05-Jun-2016 12:21:51.540 INFO [main] org.apache.catalina.core.StandardService.startInternal Starting service Catalina
05-Jun-2016 12:21:51.540 INFO [main] org.apache.catalina.core.StandardEngine.startInternal Starting Servlet Engine: Apache Tomcat/9.0.0.M1
05-Jun-2016 12:21:51.553 INFO [localhost-startStop-1] org.apache.catalina.startup.HostConfig.deployDescriptor Deploying configuration descriptor C:\Users\Ivo\itm_skeleton_a3_SS16\ITM_Ass3\assignment3\tools\tomcat\apache-tomcat-9.0.0.M1\conf\Catalina\localhost\itm.xml
05-Jun-2016 12:21:51.610 WARNING [localhost-startStop-1] org.apache.catalina.startup.SetContextPropertiesRule.begin [SetContextPropertiesRule]{Context} Setting property 'debug' to '0' did not find a matching property.
05-Jun-2016 12:21:52.719 INFO [localhost-startStop-1] org.apache.jasper.servlet.TldScanner.scanJars At least one JAR was scanned for TLDs yet contained no TLDs. Enable debug logging for this logger for a complete list of JARs that were scanned but no TLDs were found in them. Skipping unneeded JARs during scanning can improve startup time and JSP compilation time.
05-Jun-2016 12:21:52.892 INFO [localhost-startStop-1] org.apache.catalina.util.SessionIdGeneratorBase.createSecureRandom Creation of SecureRandom instance for session ID generation using [SHA1PRNG] took [141] milliseconds.
05-Jun-2016 12:21:52.936 INFO [localhost-startStop-1] org.apache.catalina.startup.HostConfig.deployDescriptor Deployment of configuration descriptor C:\Users\Ivo\itm_skeleton_a3_SS16\ITM_Ass3\assignment3\tools\tomcat\apache-tomcat-9.0.0.M1\conf\Catalina\localhost\itm.xml has finished in 1,383 ms
05-Jun-2016 12:21:52.938 INFO [localhost-startStop-1] org.apache.catalina.startup.HostConfig.deployDirectory Deploying web application directory C:\Users\Ivo\itm_skeleton_a3_SS16\ITM_Ass3\assignment3\tools\tomcat\apache-tomcat-9.0.0.M1\webapps\ROOT
05-Jun-2016 12:21:52.967 INFO [localhost-startStop-1] org.apache.catalina.startup.HostConfig.deployDirectory Deployment of web application directory C:\Users\Ivo\itm_skeleton_a3_SS16\ITM_Ass3\assignment3\tools\tomcat\apache-tomcat-9.0.0.M1\webapps\ROOT has finished in 29 ms
05-Jun-2016 12:21:52.970 INFO [main] org.apache.coyote.AbstractProtocol.start Starting ProtocolHandler [http-nio-8080]
05-Jun-2016 12:21:52.983 INFO [main] org.apache.coyote.AbstractProtocol.start Starting ProtocolHandler [ajp-nio-8009]
05-Jun-2016 12:21:52.988 INFO [main] org.apache.catalina.startup.Catalina.start Server startup in 1483 ms
05-Jun-2016 12:24:00.046 INFO [main] org.apache.catalina.core.StandardServer.await A valid shutdown command was received via the shutdown port. Stopping the Server instance.
05-Jun-2016 12:24:00.048 INFO [main] org.apache.coyote.AbstractProtocol.pause Pausing ProtocolHandler ["http-nio-8080"]
05-Jun-2016 12:24:00.106 INFO [main] org.apache.coyote.AbstractProtocol.pause Pausing ProtocolHandler ["ajp-nio-8009"]
05-Jun-2016 12:24:00.161 INFO [main] org.apache.catalina.core.StandardService.stopInternal Stopping service Catalina
05-Jun-2016 12:24:00.221 INFO [main] org.apache.coyote.AbstractProtocol.stop Stopping ProtocolHandler ["http-nio-8080"]
05-Jun-2016 12:24:00.230 INFO [main] org.apache.coyote.AbstractProtocol.stop Stopping ProtocolHandler ["ajp-nio-8009"]
05-Jun-2016 12:24:00.235 INFO [main] org.apache.coyote.AbstractProtocol.destroy Destroying ProtocolHandler ["http-nio-8080"]
05-Jun-2016 12:24:00.243 INFO [main] org.apache.coyote.AbstractProtocol.destroy Destroying ProtocolHandler ["ajp-nio-8009"]
05-Jun-2016 12:24:16.477 INFO [main] org.apache.catalina.startup.VersionLoggerListener.log Server version:        Apache Tomcat/9.0.0.M1
05-Jun-2016 12:24:16.478 INFO [main] org.apache.catalina.startup.VersionLoggerListener.log Server built:          Nov 12 2015 22:05:52 UTC
05-Jun-2016 12:24:16.479 INFO [main] org.apache.catalina.startup.VersionLoggerListener.log Server number:         9.0.0.0
05-Jun-2016 12:24:16.479 INFO [main] org.apache.catalina.startup.VersionLoggerListener.log OS Name:               Windows 8.1
05-Jun-2016 12:24:16.479 INFO [main] org.apache.catalina.startup.VersionLoggerListener.log OS Version:            6.3
05-Jun-2016 12:24:16.479 INFO [main] org.apache.catalina.startup.VersionLoggerListener.log Architecture:          amd64
05-Jun-2016 12:24:16.480 INFO [main] org.apache.catalina.startup.VersionLoggerListener.log Java Home:             C:\Program Files\Java\jdk1.8.0_73\jre
05-Jun-2016 12:24:16.480 INFO [main] org.apache.catalina.startup.VersionLoggerListener.log JVM Version:           1.8.0_73-b02
05-Jun-2016 12:24:16.480 INFO [main] org.apache.catalina.startup.VersionLoggerListener.log JVM Vendor:            Oracle Corporation
05-Jun-2016 12:24:16.480 INFO [main] org.apache.catalina.startup.VersionLoggerListener.log CATALINA_BASE:         C:\Users\Ivo\itm_skeleton_a3_SS16\ITM_Ass3\assignment3\tools\tomcat\apache-tomcat-9.0.0.M1
05-Jun-2016 12:24:16.481 INFO [main] org.apache.catalina.startup.VersionLoggerListener.log CATALINA_HOME:         C:\Users\Ivo\itm_skeleton_a3_SS16\ITM_Ass3\assignment3\tools\tomcat\apache-tomcat-9.0.0.M1
05-Jun-2016 12:24:16.481 INFO [main] org.apache.catalina.startup.VersionLoggerListener.log Command line argument: -Djava.util.logging.config.file=tools\tomcat\apache-tomcat-9.0.0.M1\conf\logging.properties
05-Jun-2016 12:24:16.482 INFO [main] org.apache.catalina.startup.VersionLoggerListener.log Command line argument: -Djava.util.logging.manager=org.apache.juli.ClassLoaderLogManager
05-Jun-2016 12:24:16.482 INFO [main] org.apache.catalina.startup.VersionLoggerListener.log Command line argument: -Xmx512m
05-Jun-2016 12:24:16.483 INFO [main] org.apache.catalina.startup.VersionLoggerListener.log Command line argument: -Dcatalina.base=tools\tomcat\apache-tomcat-9.0.0.M1
05-Jun-2016 12:24:16.483 INFO [main] org.apache.catalina.startup.VersionLoggerListener.log Command line argument: -Dcatalina.home=tools\tomcat\apache-tomcat-9.0.0.M1
05-Jun-2016 12:24:16.484 INFO [main] org.apache.catalina.startup.VersionLoggerListener.log Command line argument: -Djava.io.tmpdir=tools\tomcat\apache-tomcat-9.0.0.M1\temp
05-Jun-2016 12:24:16.484 INFO [main] org.apache.catalina.core.AprLifecycleListener.lifecycleEvent The APR based Apache Tomcat Native library which allows optimal performance in production environments was not found on the java.library.path: C:\Program Files\Java\jdk1.8.0_73\bin;C:\WINDOWS\Sun\Java\bin;C:\WINDOWS\system32;C:\WINDOWS;C:\ProgramData\Oracle\Java\javapath;C:\Program Files (x86)\Intel\iCLS Client\;C:\Program Files\Intel\iCLS Client\;C:\Program Files (x86)\NVIDIA Corporation\PhysX\Common;C:\WINDOWS\system32;C:\WINDOWS;C:\WINDOWS\System32\Wbem;C:\WINDOWS\System32\WindowsPowerShell\v1.0\;C:\Program Files\Intel\Intel(R) Management Engine Components\DAL;C:\Program Files\Intel\Intel(R) Management Engine Components\IPT;C:\Program Files (x86)\Intel\Intel(R) Management Engine Components\DAL;C:\Program Files (x86)\Intel\Intel(R) Management Engine Components\IPT;C:\Program Files (x86)\Windows Kits\8.0\Windows Performance Toolkit\;c:\Program Files (x86)\Microsoft SQL Server\100\Tools\Binn\;c:\Program Files\Microsoft SQL Server\100\Tools\Binn\;c:\Program Files\Microsoft SQL Server\100\DTS\Binn\;c:\Program Files (x86)\Microsoft SQL Server\110\Tools\Binn\;c:\Program Files (x86)\Microsoft SQL Server\110\DTS\Binn\;C:\Program Files (x86)\Windows Live\Shared;C:\Program Files (x86)\Skype\Phone\;C:\Program Files\Java\jdk1.8.0_73\bin;C:\Program Files\nodejs\;C:\Program Files\Git\cmd;c:/mingw/msys/1.0/bin;c:/mingw/msys/1.0;c:/mingw/bin;c:/mingw;C:\Program Files\Java\jdk1.8.0_73\bin;C:\Program Files (x86)\Microsoft VS Code\bin;C:\Users\Ivo\AppData\Roaming\npm;C:\Users\Ivo\AppData\Local\Android\sdk\platform-tools;C:\Program Files (x86)\apache-maven-3.3.9-bin\apache-maven-3.3.9\bin;.
05-Jun-2016 12:24:16.663 INFO [main] org.apache.coyote.AbstractProtocol.init Initializing ProtocolHandler ["http-nio-8080"]
05-Jun-2016 12:24:16.761 INFO [main] org.apache.tomcat.util.net.NioSelectorPool.getSharedSelector Using a shared selector for servlet write/read
05-Jun-2016 12:24:16.765 INFO [main] org.apache.coyote.AbstractProtocol.init Initializing ProtocolHandler ["ajp-nio-8009"]
05-Jun-2016 12:24:16.770 INFO [main] org.apache.tomcat.util.net.NioSelectorPool.getSharedSelector Using a shared selector for servlet write/read
05-Jun-2016 12:24:16.770 INFO [main] org.apache.catalina.startup.Catalina.load Initialization processed in 796 ms
05-Jun-2016 12:24:16.805 INFO [main] org.apache.catalina.core.StandardService.startInternal Starting service Catalina
05-Jun-2016 12:24:16.806 INFO [main] org.apache.catalina.core.StandardEngine.startInternal Starting Servlet Engine: Apache Tomcat/9.0.0.M1
05-Jun-2016 12:24:16.817 INFO [localhost-startStop-1] org.apache.catalina.startup.HostConfig.deployDescriptor Deploying configuration descriptor C:\Users\Ivo\itm_skeleton_a3_SS16\ITM_Ass3\assignment3\tools\tomcat\apache-tomcat-9.0.0.M1\conf\Catalina\localhost\itm.xml
05-Jun-2016 12:24:16.865 WARNING [localhost-startStop-1] org.apache.catalina.startup.SetContextPropertiesRule.begin [SetContextPropertiesRule]{Context} Setting property 'debug' to '0' did not find a matching property.
05-Jun-2016 12:24:18.037 INFO [localhost-startStop-1] org.apache.jasper.servlet.TldScanner.scanJars At least one JAR was scanned for TLDs yet contained no TLDs. Enable debug logging for this logger for a complete list of JARs that were scanned but no TLDs were found in them. Skipping unneeded JARs during scanning can improve startup time and JSP compilation time.
05-Jun-2016 12:24:18.277 INFO [localhost-startStop-1] org.apache.catalina.util.SessionIdGeneratorBase.createSecureRandom Creation of SecureRandom instance for session ID generation using [SHA1PRNG] took [204] milliseconds.
05-Jun-2016 12:24:18.334 INFO [localhost-startStop-1] org.apache.catalina.startup.HostConfig.deployDescriptor Deployment of configuration descriptor C:\Users\Ivo\itm_skeleton_a3_SS16\ITM_Ass3\assignment3\tools\tomcat\apache-tomcat-9.0.0.M1\conf\Catalina\localhost\itm.xml has finished in 1,516 ms
05-Jun-2016 12:24:18.336 INFO [localhost-startStop-1] org.apache.catalina.startup.HostConfig.deployDirectory Deploying web application directory C:\Users\Ivo\itm_skeleton_a3_SS16\ITM_Ass3\assignment3\tools\tomcat\apache-tomcat-9.0.0.M1\webapps\ROOT
05-Jun-2016 12:24:18.368 INFO [localhost-startStop-1] org.apache.catalina.startup.HostConfig.deployDirectory Deployment of web application directory C:\Users\Ivo\itm_skeleton_a3_SS16\ITM_Ass3\assignment3\tools\tomcat\apache-tomcat-9.0.0.M1\webapps\ROOT has finished in 32 ms
05-Jun-2016 12:24:18.372 INFO [main] org.apache.coyote.AbstractProtocol.start Starting ProtocolHandler [http-nio-8080]
05-Jun-2016 12:24:18.385 INFO [main] org.apache.coyote.AbstractProtocol.start Starting ProtocolHandler [ajp-nio-8009]
05-Jun-2016 12:24:18.391 INFO [main] org.apache.catalina.startup.Catalina.start Server startup in 1620 ms
05-Jun-2016 12:33:34.018 INFO [main] org.apache.catalina.startup.VersionLoggerListener.log Server version:        Apache Tomcat/9.0.0.M1
05-Jun-2016 12:33:34.020 INFO [main] org.apache.catalina.startup.VersionLoggerListener.log Server built:          Nov 12 2015 22:05:52 UTC
05-Jun-2016 12:33:34.021 INFO [main] org.apache.catalina.startup.VersionLoggerListener.log Server number:         9.0.0.0
05-Jun-2016 12:33:34.021 INFO [main] org.apache.catalina.startup.VersionLoggerListener.log OS Name:               Windows 8.1
05-Jun-2016 12:33:34.021 INFO [main] org.apache.catalina.startup.VersionLoggerListener.log OS Version:            6.3
05-Jun-2016 12:33:34.022 INFO [main] org.apache.catalina.startup.VersionLoggerListener.log Architecture:          amd64
05-Jun-2016 12:33:34.022 INFO [main] org.apache.catalina.startup.VersionLoggerListener.log Java Home:             C:\Program Files\Java\jdk1.8.0_73\jre
05-Jun-2016 12:33:34.023 INFO [main] org.apache.catalina.startup.VersionLoggerListener.log JVM Version:           1.8.0_73-b02
05-Jun-2016 12:33:34.023 INFO [main] org.apache.catalina.startup.VersionLoggerListener.log JVM Vendor:            Oracle Corporation
05-Jun-2016 12:33:34.023 INFO [main] org.apache.catalina.startup.VersionLoggerListener.log CATALINA_BASE:         C:\Users\Ivo\itm_skeleton_a3_SS16\ITM_Ass3\assignment3\tools\tomcat\apache-tomcat-9.0.0.M1
05-Jun-2016 12:33:34.024 INFO [main] org.apache.catalina.startup.VersionLoggerListener.log CATALINA_HOME:         C:\Users\Ivo\itm_skeleton_a3_SS16\ITM_Ass3\assignment3\tools\tomcat\apache-tomcat-9.0.0.M1
05-Jun-2016 12:33:34.024 INFO [main] org.apache.catalina.startup.VersionLoggerListener.log Command line argument: -Djava.util.logging.config.file=tools\tomcat\apache-tomcat-9.0.0.M1\conf\logging.properties
05-Jun-2016 12:33:34.025 INFO [main] org.apache.catalina.startup.VersionLoggerListener.log Command line argument: -Djava.util.logging.manager=org.apache.juli.ClassLoaderLogManager
05-Jun-2016 12:33:34.025 INFO [main] org.apache.catalina.startup.VersionLoggerListener.log Command line argument: -Xmx512m
05-Jun-2016 12:33:34.026 INFO [main] org.apache.catalina.startup.VersionLoggerListener.log Command line argument: -Dcatalina.base=tools\tomcat\apache-tomcat-9.0.0.M1
05-Jun-2016 12:33:34.026 INFO [main] org.apache.catalina.startup.VersionLoggerListener.log Command line argument: -Dcatalina.home=tools\tomcat\apache-tomcat-9.0.0.M1
05-Jun-2016 12:33:34.027 INFO [main] org.apache.catalina.startup.VersionLoggerListener.log Command line argument: -Djava.io.tmpdir=tools\tomcat\apache-tomcat-9.0.0.M1\temp
05-Jun-2016 12:33:34.028 INFO [main] org.apache.catalina.core.AprLifecycleListener.lifecycleEvent The APR based Apache Tomcat Native library which allows optimal performance in production environments was not found on the java.library.path: C:\Program Files\Java\jdk1.8.0_73\bin;C:\WINDOWS\Sun\Java\bin;C:\WINDOWS\system32;C:\WINDOWS;C:\ProgramData\Oracle\Java\javapath;C:\Program Files (x86)\Intel\iCLS Client\;C:\Program Files\Intel\iCLS Client\;C:\Program Files (x86)\NVIDIA Corporation\PhysX\Common;C:\WINDOWS\system32;C:\WINDOWS;C:\WINDOWS\System32\Wbem;C:\WINDOWS\System32\WindowsPowerShell\v1.0\;C:\Program Files\Intel\Intel(R) Management Engine Components\DAL;C:\Program Files\Intel\Intel(R) Management Engine Components\IPT;C:\Program Files (x86)\Intel\Intel(R) Management Engine Components\DAL;C:\Program Files (x86)\Intel\Intel(R) Management Engine Components\IPT;C:\Program Files (x86)\Windows Kits\8.0\Windows Performance Toolkit\;c:\Program Files (x86)\Microsoft SQL Server\100\Tools\Binn\;c:\Program Files\Microsoft SQL Server\100\Tools\Binn\;c:\Program Files\Microsoft SQL Server\100\DTS\Binn\;c:\Program Files (x86)\Microsoft SQL Server\110\Tools\Binn\;c:\Program Files (x86)\Microsoft SQL Server\110\DTS\Binn\;C:\Program Files (x86)\Windows Live\Shared;C:\Program Files (x86)\Skype\Phone\;C:\Program Files\Java\jdk1.8.0_73\bin;C:\Program Files\nodejs\;C:\Program Files\Git\cmd;c:/mingw/msys/1.0/bin;c:/mingw/msys/1.0;c:/mingw/bin;c:/mingw;C:\Program Files\Java\jdk1.8.0_73\bin;C:\Program Files (x86)\Microsoft VS Code\bin;C:\Users\Ivo\AppData\Roaming\npm;C:\Users\Ivo\AppData\Local\Android\sdk\platform-tools;C:\Program Files (x86)\apache-maven-3.3.9-bin\apache-maven-3.3.9\bin;.
05-Jun-2016 12:33:42.078 INFO [main] org.apache.coyote.AbstractProtocol.init Initializing ProtocolHandler ["http-nio-8080"]
05-Jun-2016 12:33:43.308 INFO [main] org.apache.tomcat.util.net.NioSelectorPool.getSharedSelector Using a shared selector for servlet write/read
05-Jun-2016 12:33:43.315 INFO [main] org.apache.coyote.AbstractProtocol.init Initializing ProtocolHandler ["ajp-nio-8009"]
05-Jun-2016 12:33:43.324 INFO [main] org.apache.tomcat.util.net.NioSelectorPool.getSharedSelector Using a shared selector for servlet write/read
05-Jun-2016 12:33:43.326 INFO [main] org.apache.catalina.startup.Catalina.load Initialization processed in 13345 ms
05-Jun-2016 12:33:43.444 INFO [main] org.apache.catalina.core.StandardService.startInternal Starting service Catalina
05-Jun-2016 12:33:43.445 INFO [main] org.apache.catalina.core.StandardEngine.startInternal Starting Servlet Engine: Apache Tomcat/9.0.0.M1
05-Jun-2016 12:33:44.027 INFO [localhost-startStop-1] org.apache.catalina.startup.HostConfig.deployDescriptor Deploying configuration descriptor C:\Users\Ivo\itm_skeleton_a3_SS16\ITM_Ass3\assignment3\tools\tomcat\apache-tomcat-9.0.0.M1\conf\Catalina\localhost\itm.xml
05-Jun-2016 12:33:44.177 WARNING [localhost-startStop-1] org.apache.catalina.startup.SetContextPropertiesRule.begin [SetContextPropertiesRule]{Context} Setting property 'debug' to '0' did not find a matching property.
05-Jun-2016 12:33:56.879 INFO [localhost-startStop-1] org.apache.jasper.servlet.TldScanner.scanJars At least one JAR was scanned for TLDs yet contained no TLDs. Enable debug logging for this logger for a complete list of JARs that were scanned but no TLDs were found in them. Skipping unneeded JARs during scanning can improve startup time and JSP compilation time.
05-Jun-2016 12:34:00.212 INFO [localhost-startStop-1] org.apache.catalina.util.SessionIdGeneratorBase.createSecureRandom Creation of SecureRandom instance for session ID generation using [SHA1PRNG] took [3,289] milliseconds.
05-Jun-2016 12:34:00.682 INFO [localhost-startStop-1] org.apache.catalina.startup.HostConfig.deployDescriptor Deployment of configuration descriptor C:\Users\Ivo\itm_skeleton_a3_SS16\ITM_Ass3\assignment3\tools\tomcat\apache-tomcat-9.0.0.M1\conf\Catalina\localhost\itm.xml has finished in 16,656 ms
05-Jun-2016 12:34:00.880 INFO [localhost-startStop-1] org.apache.catalina.startup.HostConfig.deployDirectory Deploying web application directory C:\Users\Ivo\itm_skeleton_a3_SS16\ITM_Ass3\assignment3\tools\tomcat\apache-tomcat-9.0.0.M1\webapps\ROOT
05-Jun-2016 12:34:00.954 INFO [localhost-startStop-1] org.apache.catalina.startup.HostConfig.deployDirectory Deployment of web application directory C:\Users\Ivo\itm_skeleton_a3_SS16\ITM_Ass3\assignment3\tools\tomcat\apache-tomcat-9.0.0.M1\webapps\ROOT has finished in 74 ms
05-Jun-2016 12:34:00.970 INFO [main] org.apache.coyote.AbstractProtocol.start Starting ProtocolHandler [http-nio-8080]
05-Jun-2016 12:34:00.983 INFO [main] org.apache.coyote.AbstractProtocol.start Starting ProtocolHandler [ajp-nio-8009]
05-Jun-2016 12:34:00.988 INFO [main] org.apache.catalina.startup.Catalina.start Server startup in 17660 ms
05-Jun-2016 12:36:11.001 INFO [main] org.apache.catalina.core.StandardServer.await A valid shutdown command was received via the shutdown port. Stopping the Server instance.
05-Jun-2016 12:36:11.003 INFO [main] org.apache.coyote.AbstractProtocol.pause Pausing ProtocolHandler ["http-nio-8080"]
05-Jun-2016 12:36:11.065 INFO [main] org.apache.coyote.AbstractProtocol.pause Pausing ProtocolHandler ["ajp-nio-8009"]
05-Jun-2016 12:36:11.120 INFO [main] org.apache.catalina.core.StandardService.stopInternal Stopping service Catalina
05-Jun-2016 12:36:12.143 INFO [main] org.apache.coyote.AbstractProtocol.stop Stopping ProtocolHandler ["http-nio-8080"]
05-Jun-2016 12:36:12.152 INFO [main] org.apache.coyote.AbstractProtocol.stop Stopping ProtocolHandler ["ajp-nio-8009"]
05-Jun-2016 12:36:12.157 INFO [main] org.apache.coyote.AbstractProtocol.destroy Destroying ProtocolHandler ["http-nio-8080"]
05-Jun-2016 12:36:12.163 INFO [main] org.apache.coyote.AbstractProtocol.destroy Destroying ProtocolHandler ["ajp-nio-8009"]
05-Jun-2016 12:37:46.834 INFO [main] org.apache.catalina.startup.VersionLoggerListener.log Server version:        Apache Tomcat/9.0.0.M1
05-Jun-2016 12:37:46.836 INFO [main] org.apache.catalina.startup.VersionLoggerListener.log Server built:          Nov 12 2015 22:05:52 UTC
05-Jun-2016 12:37:46.836 INFO [main] org.apache.catalina.startup.VersionLoggerListener.log Server number:         9.0.0.0
05-Jun-2016 12:37:46.836 INFO [main] org.apache.catalina.startup.VersionLoggerListener.log OS Name:               Windows 8.1
05-Jun-2016 12:37:46.837 INFO [main] org.apache.catalina.startup.VersionLoggerListener.log OS Version:            6.3
05-Jun-2016 12:37:46.837 INFO [main] org.apache.catalina.startup.VersionLoggerListener.log Architecture:          amd64
05-Jun-2016 12:37:46.837 INFO [main] org.apache.catalina.startup.VersionLoggerListener.log Java Home:             C:\Program Files\Java\jdk1.8.0_73\jre
05-Jun-2016 12:37:46.838 INFO [main] org.apache.catalina.startup.VersionLoggerListener.log JVM Version:           1.8.0_73-b02
05-Jun-2016 12:37:46.838 INFO [main] org.apache.catalina.startup.VersionLoggerListener.log JVM Vendor:            Oracle Corporation
05-Jun-2016 12:37:46.838 INFO [main] org.apache.catalina.startup.VersionLoggerListener.log CATALINA_BASE:         C:\Users\Ivo\itm_skeleton_a3_SS16\ITM_Ass3\assignment3\tools\tomcat\apache-tomcat-9.0.0.M1
05-Jun-2016 12:37:46.839 INFO [main] org.apache.catalina.startup.VersionLoggerListener.log CATALINA_HOME:         C:\Users\Ivo\itm_skeleton_a3_SS16\ITM_Ass3\assignment3\tools\tomcat\apache-tomcat-9.0.0.M1
05-Jun-2016 12:37:46.839 INFO [main] org.apache.catalina.startup.VersionLoggerListener.log Command line argument: -Djava.util.logging.config.file=tools\tomcat\apache-tomcat-9.0.0.M1\conf\logging.properties
05-Jun-2016 12:37:46.840 INFO [main] org.apache.catalina.startup.VersionLoggerListener.log Command line argument: -Djava.util.logging.manager=org.apache.juli.ClassLoaderLogManager
05-Jun-2016 12:37:46.841 INFO [main] org.apache.catalina.startup.VersionLoggerListener.log Command line argument: -Xmx512m
05-Jun-2016 12:37:46.841 INFO [main] org.apache.catalina.startup.VersionLoggerListener.log Command line argument: -Dcatalina.base=tools\tomcat\apache-tomcat-9.0.0.M1
05-Jun-2016 12:37:46.842 INFO [main] org.apache.catalina.startup.VersionLoggerListener.log Command line argument: -Dcatalina.home=tools\tomcat\apache-tomcat-9.0.0.M1
05-Jun-2016 12:37:46.842 INFO [main] org.apache.catalina.startup.VersionLoggerListener.log Command line argument: -Djava.io.tmpdir=tools\tomcat\apache-tomcat-9.0.0.M1\temp
05-Jun-2016 12:37:46.843 INFO [main] org.apache.catalina.core.AprLifecycleListener.lifecycleEvent The APR based Apache Tomcat Native library which allows optimal performance in production environments was not found on the java.library.path: C:\Program Files\Java\jdk1.8.0_73\bin;C:\WINDOWS\Sun\Java\bin;C:\WINDOWS\system32;C:\WINDOWS;C:\ProgramData\Oracle\Java\javapath;C:\Program Files (x86)\Intel\iCLS Client\;C:\Program Files\Intel\iCLS Client\;C:\Program Files (x86)\NVIDIA Corporation\PhysX\Common;C:\WINDOWS\system32;C:\WINDOWS;C:\WINDOWS\System32\Wbem;C:\WINDOWS\System32\WindowsPowerShell\v1.0\;C:\Program Files\Intel\Intel(R) Management Engine Components\DAL;C:\Program Files\Intel\Intel(R) Management Engine Components\IPT;C:\Program Files (x86)\Intel\Intel(R) Management Engine Components\DAL;C:\Program Files (x86)\Intel\Intel(R) Management Engine Components\IPT;C:\Program Files (x86)\Windows Kits\8.0\Windows Performance Toolkit\;c:\Program Files (x86)\Microsoft SQL Server\100\Tools\Binn\;c:\Program Files\Microsoft SQL Server\100\Tools\Binn\;c:\Program Files\Microsoft SQL Server\100\DTS\Binn\;c:\Program Files (x86)\Microsoft SQL Server\110\Tools\Binn\;c:\Program Files (x86)\Microsoft SQL Server\110\DTS\Binn\;C:\Program Files (x86)\Windows Live\Shared;C:\Program Files (x86)\Skype\Phone\;C:\Program Files\Java\jdk1.8.0_73\bin;C:\Program Files\nodejs\;C:\Program Files\Git\cmd;c:/mingw/msys/1.0/bin;c:/mingw/msys/1.0;c:/mingw/bin;c:/mingw;C:\Program Files\Java\jdk1.8.0_73\bin;C:\Program Files (x86)\Microsoft VS Code\bin;C:\Users\Ivo\AppData\Roaming\npm;C:\Users\Ivo\AppData\Local\Android\sdk\platform-tools;C:\Program Files (x86)\apache-maven-3.3.9-bin\apache-maven-3.3.9\bin;.
05-Jun-2016 12:37:47.039 INFO [main] org.apache.coyote.AbstractProtocol.init Initializing ProtocolHandler ["http-nio-8080"]
05-Jun-2016 12:37:47.134 INFO [main] org.apache.tomcat.util.net.NioSelectorPool.getSharedSelector Using a shared selector for servlet write/read
05-Jun-2016 12:37:47.138 INFO [main] org.apache.coyote.AbstractProtocol.init Initializing ProtocolHandler ["ajp-nio-8009"]
05-Jun-2016 12:37:47.144 INFO [main] org.apache.tomcat.util.net.NioSelectorPool.getSharedSelector Using a shared selector for servlet write/read
05-Jun-2016 12:37:47.144 INFO [main] org.apache.catalina.startup.Catalina.load Initialization processed in 832 ms
05-Jun-2016 12:37:47.185 INFO [main] org.apache.catalina.core.StandardService.startInternal Starting service Catalina
05-Jun-2016 12:37:47.186 INFO [main] org.apache.catalina.core.StandardEngine.startInternal Starting Servlet Engine: Apache Tomcat/9.0.0.M1
05-Jun-2016 12:37:47.197 INFO [localhost-startStop-1] org.apache.catalina.startup.HostConfig.deployDescriptor Deploying configuration descriptor C:\Users\Ivo\itm_skeleton_a3_SS16\ITM_Ass3\assignment3\tools\tomcat\apache-tomcat-9.0.0.M1\conf\Catalina\localhost\itm.xml
05-Jun-2016 12:37:47.244 WARNING [localhost-startStop-1] org.apache.catalina.startup.SetContextPropertiesRule.begin [SetContextPropertiesRule]{Context} Setting property 'debug' to '0' did not find a matching property.
05-Jun-2016 12:37:48.285 INFO [localhost-startStop-1] org.apache.jasper.servlet.TldScanner.scanJars At least one JAR was scanned for TLDs yet contained no TLDs. Enable debug logging for this logger for a complete list of JARs that were scanned but no TLDs were found in them. Skipping unneeded JARs during scanning can improve startup time and JSP compilation time.
05-Jun-2016 12:37:48.463 INFO [localhost-startStop-1] org.apache.catalina.util.SessionIdGeneratorBase.createSecureRandom Creation of SecureRandom instance for session ID generation using [SHA1PRNG] took [136] milliseconds.
05-Jun-2016 12:37:48.510 INFO [localhost-startStop-1] org.apache.catalina.startup.HostConfig.deployDescriptor Deployment of configuration descriptor C:\Users\Ivo\itm_skeleton_a3_SS16\ITM_Ass3\assignment3\tools\tomcat\apache-tomcat-9.0.0.M1\conf\Catalina\localhost\itm.xml has finished in 1,313 ms
05-Jun-2016 12:37:48.512 INFO [localhost-startStop-1] org.apache.catalina.startup.HostConfig.deployDirectory Deploying web application directory C:\Users\Ivo\itm_skeleton_a3_SS16\ITM_Ass3\assignment3\tools\tomcat\apache-tomcat-9.0.0.M1\webapps\ROOT
05-Jun-2016 12:37:48.542 INFO [localhost-startStop-1] org.apache.catalina.startup.HostConfig.deployDirectory Deployment of web application directory C:\Users\Ivo\itm_skeleton_a3_SS16\ITM_Ass3\assignment3\tools\tomcat\apache-tomcat-9.0.0.M1\webapps\ROOT has finished in 30 ms
05-Jun-2016 12:37:48.546 INFO [main] org.apache.coyote.AbstractProtocol.start Starting ProtocolHandler [http-nio-8080]
05-Jun-2016 12:37:48.561 INFO [main] org.apache.coyote.AbstractProtocol.start Starting ProtocolHandler [ajp-nio-8009]
05-Jun-2016 12:37:48.567 INFO [main] org.apache.catalina.startup.Catalina.start Server startup in 1422 ms
05-Jun-2016 12:43:49.843 SEVERE [main] org.apache.catalina.startup.Catalina.stopServer Could not contact localhost:8005. Tomcat may not be running.
05-Jun-2016 12:43:49.847 SEVERE [main] org.apache.catalina.startup.Catalina.stopServer Catalina.stop: 
 java.net.ConnectException: Connection refused: connect
	at java.net.DualStackPlainSocketImpl.connect0(Native Method)
	at java.net.DualStackPlainSocketImpl.socketConnect(DualStackPlainSocketImpl.java:79)
	at java.net.AbstractPlainSocketImpl.doConnect(AbstractPlainSocketImpl.java:350)
	at java.net.AbstractPlainSocketImpl.connectToAddress(AbstractPlainSocketImpl.java:206)
	at java.net.AbstractPlainSocketImpl.connect(AbstractPlainSocketImpl.java:188)
	at java.net.PlainSocketImpl.connect(PlainSocketImpl.java:172)
	at java.net.SocksSocketImpl.connect(SocksSocketImpl.java:392)
	at java.net.Socket.connect(Socket.java:589)
	at java.net.Socket.connect(Socket.java:538)
	at java.net.Socket.<init>(Socket.java:434)
	at java.net.Socket.<init>(Socket.java:211)
	at org.apache.catalina.startup.Catalina.stopServer(Catalina.java:474)
	at sun.reflect.NativeMethodAccessorImpl.invoke0(Native Method)
	at sun.reflect.NativeMethodAccessorImpl.invoke(NativeMethodAccessorImpl.java:62)
	at sun.reflect.DelegatingMethodAccessorImpl.invoke(DelegatingMethodAccessorImpl.java:43)
	at java.lang.reflect.Method.invoke(Method.java:497)
	at org.apache.catalina.startup.Bootstrap.stopServer(Bootstrap.java:400)
	at org.apache.catalina.startup.Bootstrap.main(Bootstrap.java:487)

05-Jun-2016 13:40:16.066 INFO [main] org.apache.catalina.startup.VersionLoggerListener.log Server version:        Apache Tomcat/9.0.0.M1
05-Jun-2016 13:40:16.067 INFO [main] org.apache.catalina.startup.VersionLoggerListener.log Server built:          Nov 12 2015 22:05:52 UTC
05-Jun-2016 13:40:16.067 INFO [main] org.apache.catalina.startup.VersionLoggerListener.log Server number:         9.0.0.0
05-Jun-2016 13:40:16.068 INFO [main] org.apache.catalina.startup.VersionLoggerListener.log OS Name:               Windows 8.1
05-Jun-2016 13:40:16.068 INFO [main] org.apache.catalina.startup.VersionLoggerListener.log OS Version:            6.3
05-Jun-2016 13:40:16.068 INFO [main] org.apache.catalina.startup.VersionLoggerListener.log Architecture:          amd64
05-Jun-2016 13:40:16.068 INFO [main] org.apache.catalina.startup.VersionLoggerListener.log Java Home:             C:\Program Files\Java\jdk1.8.0_73\jre
05-Jun-2016 13:40:16.068 INFO [main] org.apache.catalina.startup.VersionLoggerListener.log JVM Version:           1.8.0_73-b02
05-Jun-2016 13:40:16.068 INFO [main] org.apache.catalina.startup.VersionLoggerListener.log JVM Vendor:            Oracle Corporation
05-Jun-2016 13:40:16.069 INFO [main] org.apache.catalina.startup.VersionLoggerListener.log CATALINA_BASE:         C:\Users\Ivo\itm_skeleton_a3_SS16\ITM_Ass3\assignment3\tools\tomcat\apache-tomcat-9.0.0.M1
05-Jun-2016 13:40:16.069 INFO [main] org.apache.catalina.startup.VersionLoggerListener.log CATALINA_HOME:         C:\Users\Ivo\itm_skeleton_a3_SS16\ITM_Ass3\assignment3\tools\tomcat\apache-tomcat-9.0.0.M1
05-Jun-2016 13:40:16.069 INFO [main] org.apache.catalina.startup.VersionLoggerListener.log Command line argument: -Djava.util.logging.config.file=tools\tomcat\apache-tomcat-9.0.0.M1\conf\logging.properties
05-Jun-2016 13:40:16.069 INFO [main] org.apache.catalina.startup.VersionLoggerListener.log Command line argument: -Djava.util.logging.manager=org.apache.juli.ClassLoaderLogManager
05-Jun-2016 13:40:16.070 INFO [main] org.apache.catalina.startup.VersionLoggerListener.log Command line argument: -Xmx512m
05-Jun-2016 13:40:16.070 INFO [main] org.apache.catalina.startup.VersionLoggerListener.log Command line argument: -Dcatalina.base=tools\tomcat\apache-tomcat-9.0.0.M1
05-Jun-2016 13:40:16.070 INFO [main] org.apache.catalina.startup.VersionLoggerListener.log Command line argument: -Dcatalina.home=tools\tomcat\apache-tomcat-9.0.0.M1
05-Jun-2016 13:40:16.071 INFO [main] org.apache.catalina.startup.VersionLoggerListener.log Command line argument: -Djava.io.tmpdir=tools\tomcat\apache-tomcat-9.0.0.M1\temp
05-Jun-2016 13:40:16.071 INFO [main] org.apache.catalina.core.AprLifecycleListener.lifecycleEvent The APR based Apache Tomcat Native library which allows optimal performance in production environments was not found on the java.library.path: C:\Program Files\Java\jdk1.8.0_73\bin;C:\WINDOWS\Sun\Java\bin;C:\WINDOWS\system32;C:\WINDOWS;C:\ProgramData\Oracle\Java\javapath;C:\Program Files (x86)\Intel\iCLS Client\;C:\Program Files\Intel\iCLS Client\;C:\Program Files (x86)\NVIDIA Corporation\PhysX\Common;C:\WINDOWS\system32;C:\WINDOWS;C:\WINDOWS\System32\Wbem;C:\WINDOWS\System32\WindowsPowerShell\v1.0\;C:\Program Files\Intel\Intel(R) Management Engine Components\DAL;C:\Program Files\Intel\Intel(R) Management Engine Components\IPT;C:\Program Files (x86)\Intel\Intel(R) Management Engine Components\DAL;C:\Program Files (x86)\Intel\Intel(R) Management Engine Components\IPT;C:\Program Files (x86)\Windows Kits\8.0\Windows Performance Toolkit\;c:\Program Files (x86)\Microsoft SQL Server\100\Tools\Binn\;c:\Program Files\Microsoft SQL Server\100\Tools\Binn\;c:\Program Files\Microsoft SQL Server\100\DTS\Binn\;c:\Program Files (x86)\Microsoft SQL Server\110\Tools\Binn\;c:\Program Files (x86)\Microsoft SQL Server\110\DTS\Binn\;C:\Program Files (x86)\Windows Live\Shared;C:\Program Files (x86)\Skype\Phone\;C:\Program Files\Java\jdk1.8.0_73\bin;C:\Program Files\nodejs\;C:\Program Files\Git\cmd;c:/mingw/msys/1.0/bin;c:/mingw/msys/1.0;c:/mingw/bin;c:/mingw;C:\Program Files\Java\jdk1.8.0_73\bin;C:\Program Files (x86)\Microsoft VS Code\bin;C:\Users\Ivo\AppData\Roaming\npm;C:\Users\Ivo\AppData\Local\Android\sdk\platform-tools;C:\Program Files (x86)\apache-maven-3.3.9-bin\apache-maven-3.3.9\bin;.
05-Jun-2016 13:40:16.173 INFO [main] org.apache.coyote.AbstractProtocol.init Initializing ProtocolHandler ["http-nio-8080"]
05-Jun-2016 13:40:16.225 INFO [main] org.apache.tomcat.util.net.NioSelectorPool.getSharedSelector Using a shared selector for servlet write/read
05-Jun-2016 13:40:16.227 INFO [main] org.apache.coyote.AbstractProtocol.init Initializing ProtocolHandler ["ajp-nio-8009"]
05-Jun-2016 13:40:16.230 INFO [main] org.apache.tomcat.util.net.NioSelectorPool.getSharedSelector Using a shared selector for servlet write/read
05-Jun-2016 13:40:16.231 INFO [main] org.apache.catalina.startup.Catalina.load Initialization processed in 431 ms
05-Jun-2016 13:40:16.249 INFO [main] org.apache.catalina.core.StandardService.startInternal Starting service Catalina
05-Jun-2016 13:40:16.250 INFO [main] org.apache.catalina.core.StandardEngine.startInternal Starting Servlet Engine: Apache Tomcat/9.0.0.M1
05-Jun-2016 13:40:16.256 INFO [localhost-startStop-1] org.apache.catalina.startup.HostConfig.deployDescriptor Deploying configuration descriptor C:\Users\Ivo\itm_skeleton_a3_SS16\ITM_Ass3\assignment3\tools\tomcat\apache-tomcat-9.0.0.M1\conf\Catalina\localhost\itm.xml
05-Jun-2016 13:40:16.284 WARNING [localhost-startStop-1] org.apache.catalina.startup.SetContextPropertiesRule.begin [SetContextPropertiesRule]{Context} Setting property 'debug' to '0' did not find a matching property.
05-Jun-2016 13:40:16.850 INFO [localhost-startStop-1] org.apache.jasper.servlet.TldScanner.scanJars At least one JAR was scanned for TLDs yet contained no TLDs. Enable debug logging for this logger for a complete list of JARs that were scanned but no TLDs were found in them. Skipping unneeded JARs during scanning can improve startup time and JSP compilation time.
05-Jun-2016 13:40:16.968 INFO [localhost-startStop-1] org.apache.catalina.startup.HostConfig.deployDescriptor Deployment of configuration descriptor C:\Users\Ivo\itm_skeleton_a3_SS16\ITM_Ass3\assignment3\tools\tomcat\apache-tomcat-9.0.0.M1\conf\Catalina\localhost\itm.xml has finished in 711 ms
05-Jun-2016 13:40:16.969 INFO [localhost-startStop-1] org.apache.catalina.startup.HostConfig.deployDirectory Deploying web application directory C:\Users\Ivo\itm_skeleton_a3_SS16\ITM_Ass3\assignment3\tools\tomcat\apache-tomcat-9.0.0.M1\webapps\ROOT
05-Jun-2016 13:40:16.984 INFO [localhost-startStop-1] org.apache.catalina.startup.HostConfig.deployDirectory Deployment of web application directory C:\Users\Ivo\itm_skeleton_a3_SS16\ITM_Ass3\assignment3\tools\tomcat\apache-tomcat-9.0.0.M1\webapps\ROOT has finished in 15 ms
05-Jun-2016 13:40:16.986 INFO [main] org.apache.coyote.AbstractProtocol.start Starting ProtocolHandler [http-nio-8080]
05-Jun-2016 13:40:16.993 INFO [main] org.apache.coyote.AbstractProtocol.start Starting ProtocolHandler [ajp-nio-8009]
05-Jun-2016 13:40:16.997 INFO [main] org.apache.catalina.startup.Catalina.start Server startup in 766 ms
