04-Jun-2016 23:24:47.862 INFO [main] org.apache.catalina.startup.VersionLoggerListener.log Server version:        Apache Tomcat/9.0.0.M1
04-Jun-2016 23:24:47.864 INFO [main] org.apache.catalina.startup.VersionLoggerListener.log Server built:          Nov 12 2015 22:05:52 UTC
04-Jun-2016 23:24:47.864 INFO [main] org.apache.catalina.startup.VersionLoggerListener.log Server number:         9.0.0.0
04-Jun-2016 23:24:47.864 INFO [main] org.apache.catalina.startup.VersionLoggerListener.log OS Name:               Windows 8.1
04-Jun-2016 23:24:47.865 INFO [main] org.apache.catalina.startup.VersionLoggerListener.log OS Version:            6.3
04-Jun-2016 23:24:47.865 INFO [main] org.apache.catalina.startup.VersionLoggerListener.log Architecture:          amd64
04-Jun-2016 23:24:47.865 INFO [main] org.apache.catalina.startup.VersionLoggerListener.log Java Home:             C:\Program Files\Java\jdk1.8.0_73\jre
04-Jun-2016 23:24:47.865 INFO [main] org.apache.catalina.startup.VersionLoggerListener.log JVM Version:           1.8.0_73-b02
04-Jun-2016 23:24:47.866 INFO [main] org.apache.catalina.startup.VersionLoggerListener.log JVM Vendor:            Oracle Corporation
04-Jun-2016 23:24:47.866 INFO [main] org.apache.catalina.startup.VersionLoggerListener.log CATALINA_BASE:         C:\Users\Ivo\itm_skeleton_a3_SS16\ITM_Ass3\assignment3\tools\tomcat\apache-tomcat-9.0.0.M1
04-Jun-2016 23:24:47.866 INFO [main] org.apache.catalina.startup.VersionLoggerListener.log CATALINA_HOME:         C:\Users\Ivo\itm_skeleton_a3_SS16\ITM_Ass3\assignment3\tools\tomcat\apache-tomcat-9.0.0.M1
04-Jun-2016 23:24:47.867 INFO [main] org.apache.catalina.startup.VersionLoggerListener.log Command line argument: -Djava.util.logging.config.file=tools\tomcat\apache-tomcat-9.0.0.M1\conf\logging.properties
04-Jun-2016 23:24:47.867 INFO [main] org.apache.catalina.startup.VersionLoggerListener.log Command line argument: -Djava.util.logging.manager=org.apache.juli.ClassLoaderLogManager
04-Jun-2016 23:24:47.867 INFO [main] org.apache.catalina.startup.VersionLoggerListener.log Command line argument: -Xmx512m
04-Jun-2016 23:24:47.868 INFO [main] org.apache.catalina.startup.VersionLoggerListener.log Command line argument: -Dcatalina.base=tools\tomcat\apache-tomcat-9.0.0.M1
04-Jun-2016 23:24:47.868 INFO [main] org.apache.catalina.startup.VersionLoggerListener.log Command line argument: -Dcatalina.home=tools\tomcat\apache-tomcat-9.0.0.M1
04-Jun-2016 23:24:47.868 INFO [main] org.apache.catalina.startup.VersionLoggerListener.log Command line argument: -Djava.io.tmpdir=tools\tomcat\apache-tomcat-9.0.0.M1\temp
04-Jun-2016 23:24:47.869 INFO [main] org.apache.catalina.core.AprLifecycleListener.lifecycleEvent The APR based Apache Tomcat Native library which allows optimal performance in production environments was not found on the java.library.path: C:\Program Files\Java\jdk1.8.0_73\bin;C:\WINDOWS\Sun\Java\bin;C:\WINDOWS\system32;C:\WINDOWS;C:\ProgramData\Oracle\Java\javapath;C:\Program Files (x86)\Intel\iCLS Client\;C:\Program Files\Intel\iCLS Client\;C:\Program Files (x86)\NVIDIA Corporation\PhysX\Common;C:\WINDOWS\system32;C:\WINDOWS;C:\WINDOWS\System32\Wbem;C:\WINDOWS\System32\WindowsPowerShell\v1.0\;C:\Program Files\Intel\Intel(R) Management Engine Components\DAL;C:\Program Files\Intel\Intel(R) Management Engine Components\IPT;C:\Program Files (x86)\Intel\Intel(R) Management Engine Components\DAL;C:\Program Files (x86)\Intel\Intel(R) Management Engine Components\IPT;C:\Program Files (x86)\Windows Kits\8.0\Windows Performance Toolkit\;c:\Program Files (x86)\Microsoft SQL Server\100\Tools\Binn\;c:\Program Files\Microsoft SQL Server\100\Tools\Binn\;c:\Program Files\Microsoft SQL Server\100\DTS\Binn\;c:\Program Files (x86)\Microsoft SQL Server\110\Tools\Binn\;c:\Program Files (x86)\Microsoft SQL Server\110\DTS\Binn\;C:\Program Files (x86)\Windows Live\Shared;C:\Program Files (x86)\Skype\Phone\;C:\Program Files\Java\jdk1.8.0_73\bin;C:\Program Files\nodejs\;C:\Program Files\Git\cmd;c:/mingw/msys/1.0/bin;c:/mingw/msys/1.0;c:/mingw/bin;c:/mingw;C:\Program Files\Java\jdk1.8.0_73\bin;C:\Program Files (x86)\Microsoft VS Code\bin;C:\Users\Ivo\AppData\Roaming\npm;C:\Users\Ivo\AppData\Local\Android\sdk\platform-tools;C:\Program Files (x86)\apache-maven-3.3.9-bin\apache-maven-3.3.9\bin;.
04-Jun-2016 23:24:48.625 INFO [main] org.apache.coyote.AbstractProtocol.init Initializing ProtocolHandler ["http-nio-8080"]
04-Jun-2016 23:24:48.892 INFO [main] org.apache.tomcat.util.net.NioSelectorPool.getSharedSelector Using a shared selector for servlet write/read
04-Jun-2016 23:24:48.895 INFO [main] org.apache.coyote.AbstractProtocol.init Initializing ProtocolHandler ["ajp-nio-8009"]
04-Jun-2016 23:24:48.899 INFO [main] org.apache.tomcat.util.net.NioSelectorPool.getSharedSelector Using a shared selector for servlet write/read
04-Jun-2016 23:24:48.899 INFO [main] org.apache.catalina.startup.Catalina.load Initialization processed in 2271 ms
04-Jun-2016 23:24:49.000 INFO [main] org.apache.catalina.core.StandardService.startInternal Starting service Catalina
04-Jun-2016 23:24:49.001 INFO [main] org.apache.catalina.core.StandardEngine.startInternal Starting Servlet Engine: Apache Tomcat/9.0.0.M1
04-Jun-2016 23:24:49.033 INFO [localhost-startStop-1] org.apache.catalina.startup.HostConfig.deployDescriptor Deploying configuration descriptor C:\Users\Ivo\itm_skeleton_a3_SS16\ITM_Ass3\assignment3\tools\tomcat\apache-tomcat-9.0.0.M1\conf\Catalina\localhost\itm.xml
04-Jun-2016 23:24:49.146 WARNING [localhost-startStop-1] org.apache.catalina.startup.SetContextPropertiesRule.begin [SetContextPropertiesRule]{Context} Setting property 'debug' to '0' did not find a matching property.
04-Jun-2016 23:24:50.741 INFO [localhost-startStop-1] org.apache.jasper.servlet.TldScanner.scanJars At least one JAR was scanned for TLDs yet contained no TLDs. Enable debug logging for this logger for a complete list of JARs that were scanned but no TLDs were found in them. Skipping unneeded JARs during scanning can improve startup time and JSP compilation time.
04-Jun-2016 23:24:51.087 INFO [localhost-startStop-1] org.apache.catalina.util.SessionIdGeneratorBase.createSecureRandom Creation of SecureRandom instance for session ID generation using [SHA1PRNG] took [239] milliseconds.
04-Jun-2016 23:24:51.156 INFO [localhost-startStop-1] org.apache.catalina.startup.HostConfig.deployDescriptor Deployment of configuration descriptor C:\Users\Ivo\itm_skeleton_a3_SS16\ITM_Ass3\assignment3\tools\tomcat\apache-tomcat-9.0.0.M1\conf\Catalina\localhost\itm.xml has finished in 2,123 ms
04-Jun-2016 23:24:51.157 INFO [localhost-startStop-1] org.apache.catalina.startup.HostConfig.deployDirectory Deploying web application directory C:\Users\Ivo\itm_skeleton_a3_SS16\ITM_Ass3\assignment3\tools\tomcat\apache-tomcat-9.0.0.M1\webapps\ROOT
04-Jun-2016 23:24:51.176 INFO [localhost-startStop-1] org.apache.catalina.startup.HostConfig.deployDirectory Deployment of web application directory C:\Users\Ivo\itm_skeleton_a3_SS16\ITM_Ass3\assignment3\tools\tomcat\apache-tomcat-9.0.0.M1\webapps\ROOT has finished in 18 ms
04-Jun-2016 23:24:51.179 INFO [main] org.apache.coyote.AbstractProtocol.start Starting ProtocolHandler [http-nio-8080]
04-Jun-2016 23:24:51.189 INFO [main] org.apache.coyote.AbstractProtocol.start Starting ProtocolHandler [ajp-nio-8009]
04-Jun-2016 23:24:51.193 INFO [main] org.apache.catalina.startup.Catalina.start Server startup in 2292 ms
