03-Jun-2016 22:23:25.675 SEVERE [http-nio-8080-exec-7] org.apache.catalina.core.StandardWrapperValve.invoke Servlet.service() for servlet [jsp] in context with path [/itm] threw exception [javax.servlet.ServletException: java.lang.UnsatisfiedLinkError: no xuggle-xuggler in java.library.path] with root cause
 java.lang.UnsatisfiedLinkError: no xuggle-xuggler in java.library.path
	at java.lang.ClassLoader.loadLibrary(ClassLoader.java:1864)
	at java.lang.Runtime.loadLibrary0(Runtime.java:870)
	at java.lang.System.loadLibrary(System.java:1122)
	at com.xuggle.ferry.JNILibraryLoader.loadLibrary0(JNILibraryLoader.java:265)
	at com.xuggle.ferry.JNILibraryLoader.loadLibrary(JNILibraryLoader.java:168)
	at com.xuggle.xuggler.XugglerJNI.<clinit>(XugglerJNI.java:19)
	at com.xuggle.xuggler.IContainer.<clinit>(IContainer.java:1457)
	at itm.video.VideoThumbnailGenerator.processVideo(Unknown Source)
	at itm.video.VideoThumbnailGenerator.batchProcessVideoFiles(Unknown Source)
	at itm.model.MediaFactory.loadMedia(Unknown Source)
	at itm.model.MediaFactory.getMedia(Unknown Source)
	at org.apache.jsp.index_jsp._jspService(index_jsp.java:160)
	at org.apache.jasper.runtime.HttpJspBase.service(HttpJspBase.java:70)
	at javax.servlet.http.HttpServlet.service(HttpServlet.java:729)
	at org.apache.jasper.servlet.JspServletWrapper.service(JspServletWrapper.java:438)
	at org.apache.jasper.servlet.JspServlet.serviceJspFile(JspServlet.java:385)
	at org.apache.jasper.servlet.JspServlet.service(JspServlet.java:329)
	at javax.servlet.http.HttpServlet.service(HttpServlet.java:729)
	at org.apache.catalina.core.ApplicationFilterChain.internalDoFilter(ApplicationFilterChain.java:269)
	at org.apache.catalina.core.ApplicationFilterChain.doFilter(ApplicationFilterChain.java:184)
	at org.apache.tomcat.websocket.server.WsFilter.doFilter(WsFilter.java:53)
	at org.apache.catalina.core.ApplicationFilterChain.internalDoFilter(ApplicationFilterChain.java:217)
	at org.apache.catalina.core.ApplicationFilterChain.doFilter(ApplicationFilterChain.java:184)
	at org.apache.catalina.core.StandardWrapperValve.invoke(StandardWrapperValve.java:199)
	at org.apache.catalina.core.StandardContextValve.invoke(StandardContextValve.java:105)
	at org.apache.catalina.authenticator.AuthenticatorBase.invoke(AuthenticatorBase.java:506)
	at org.apache.catalina.core.StandardHostValve.invoke(StandardHostValve.java:140)
	at org.apache.catalina.valves.ErrorReportValve.invoke(ErrorReportValve.java:79)
	at org.apache.catalina.valves.AbstractAccessLogValve.invoke(AbstractAccessLogValve.java:616)
	at org.apache.catalina.core.StandardEngineValve.invoke(StandardEngineValve.java:87)
	at org.apache.catalina.connector.CoyoteAdapter.service(CoyoteAdapter.java:361)
	at org.apache.coyote.http11.Http11Processor.service(Http11Processor.java:1080)
	at org.apache.coyote.AbstractProcessorLight.process(AbstractProcessorLight.java:75)
	at org.apache.coyote.AbstractProtocol$ConnectionHandler.process(AbstractProtocol.java:757)
	at org.apache.tomcat.util.net.NioEndpoint$SocketProcessor.run(NioEndpoint.java:1515)
	at java.util.concurrent.ThreadPoolExecutor.runWorker(ThreadPoolExecutor.java:1142)
	at java.util.concurrent.ThreadPoolExecutor$Worker.run(ThreadPoolExecutor.java:617)
	at org.apache.tomcat.util.threads.TaskThread$WrappingRunnable.run(TaskThread.java:61)
	at java.lang.Thread.run(Thread.java:745)

03-Jun-2016 22:23:25.675 SEVERE [http-nio-8080-exec-4] org.apache.catalina.core.StandardWrapperValve.invoke Servlet.service() for servlet [jsp] in context with path [/itm] threw exception [javax.servlet.ServletException: java.lang.NoClassDefFoundError: Could not initialize class com.xuggle.xuggler.IContainer] with root cause
 java.lang.NoClassDefFoundError: Could not initialize class com.xuggle.xuggler.IContainer
	at itm.video.VideoThumbnailGenerator.processVideo(Unknown Source)
	at itm.video.VideoThumbnailGenerator.batchProcessVideoFiles(Unknown Source)
	at itm.model.MediaFactory.loadMedia(Unknown Source)
	at itm.model.MediaFactory.getMedia(Unknown Source)
	at org.apache.jsp.index_jsp._jspService(index_jsp.java:160)
	at org.apache.jasper.runtime.HttpJspBase.service(HttpJspBase.java:70)
	at javax.servlet.http.HttpServlet.service(HttpServlet.java:729)
	at org.apache.jasper.servlet.JspServletWrapper.service(JspServletWrapper.java:438)
	at org.apache.jasper.servlet.JspServlet.serviceJspFile(JspServlet.java:385)
	at org.apache.jasper.servlet.JspServlet.service(JspServlet.java:329)
	at javax.servlet.http.HttpServlet.service(HttpServlet.java:729)
	at org.apache.catalina.core.ApplicationFilterChain.internalDoFilter(ApplicationFilterChain.java:269)
	at org.apache.catalina.core.ApplicationFilterChain.doFilter(ApplicationFilterChain.java:184)
	at org.apache.tomcat.websocket.server.WsFilter.doFilter(WsFilter.java:53)
	at org.apache.catalina.core.ApplicationFilterChain.internalDoFilter(ApplicationFilterChain.java:217)
	at org.apache.catalina.core.ApplicationFilterChain.doFilter(ApplicationFilterChain.java:184)
	at org.apache.catalina.core.StandardWrapperValve.invoke(StandardWrapperValve.java:199)
	at org.apache.catalina.core.StandardContextValve.invoke(StandardContextValve.java:105)
	at org.apache.catalina.authenticator.AuthenticatorBase.invoke(AuthenticatorBase.java:506)
	at org.apache.catalina.core.StandardHostValve.invoke(StandardHostValve.java:140)
	at org.apache.catalina.valves.ErrorReportValve.invoke(ErrorReportValve.java:79)
	at org.apache.catalina.valves.AbstractAccessLogValve.invoke(AbstractAccessLogValve.java:616)
	at org.apache.catalina.core.StandardEngineValve.invoke(StandardEngineValve.java:87)
	at org.apache.catalina.connector.CoyoteAdapter.service(CoyoteAdapter.java:361)
	at org.apache.coyote.http11.Http11Processor.service(Http11Processor.java:1080)
	at org.apache.coyote.AbstractProcessorLight.process(AbstractProcessorLight.java:75)
	at org.apache.coyote.AbstractProtocol$ConnectionHandler.process(AbstractProtocol.java:757)
	at org.apache.tomcat.util.net.NioEndpoint$SocketProcessor.run(NioEndpoint.java:1515)
	at java.util.concurrent.ThreadPoolExecutor.runWorker(ThreadPoolExecutor.java:1142)
	at java.util.concurrent.ThreadPoolExecutor$Worker.run(ThreadPoolExecutor.java:617)
	at org.apache.tomcat.util.threads.TaskThread$WrappingRunnable.run(TaskThread.java:61)
	at java.lang.Thread.run(Thread.java:745)

