05-Jun-2016 00:13:09.852 SEVERE [http-nio-8080-exec-1] org.apache.catalina.core.StandardWrapperValve.invoke Servlet.service() for servlet [jsp] in context with path [/itm] threw exception [Unable to compile class for JSP: 

An error occurred at line: 52 in the jsp file: /graph.jsp
Type mismatch: cannot convert from ArrayList<String> to String
49:             
50:         <%
51:         	for ( AbstractMedia medium : media ) {
52:         		String tagsInMedium = medium.getTags();
53:         		for (String tag : tagsInMedium){
54:         			if(!(allTags.contains(tag))){
55:         				allTags.add(tag);


An error occurred at line: 53 in the jsp file: /graph.jsp
Can only iterate over an array or an instance of java.lang.Iterable
50:         <%
51:         	for ( AbstractMedia medium : media ) {
52:         		String tagsInMedium = medium.getTags();
53:         		for (String tag : tagsInMedium){
54:         			if(!(allTags.contains(tag))){
55:         				allTags.add(tag);
56:         			}


An error occurred at line: 63 in the jsp file: /graph.jsp
Syntax error on token "tag", throw expected
60:         	for(String tag : allTags){
61:         %>
62:             // example
63:             g.addNode(<% tag %>, "", "/itm/tags.jsp");
64:             g.addNode("Tags", "", "/itm/tags.jsp");
65:             g.addEdge("Tags", "Image", "/itm/anImage.png")
66:             


An error occurred at line: 63 in the jsp file: /graph.jsp
No exception of type void can be thrown; an exception type must be a subclass of Throwable
60:         	for(String tag : allTags){
61:         %>
62:             // example
63:             g.addNode(<% tag %>, "", "/itm/tags.jsp");
64:             g.addNode("Tags", "", "/itm/tags.jsp");
65:             g.addEdge("Tags", "Image", "/itm/anImage.png")
66:             


An error occurred at line: 83 in the jsp file: /graph.jsp
Syntax error on token "tag", throw expected
80:             	
81:             	for(String tag : allTags)
82:         %>
83:                 g.addEdge(<% medium.getName();  %>, <% tag %>, <% mediumURL; %>);
84:         <%
85:             }
86:         %>


An error occurred at line: 83 in the jsp file: /graph.jsp
No exception of type void can be thrown; an exception type must be a subclass of Throwable
80:             	
81:             	for(String tag : allTags)
82:         %>
83:                 g.addEdge(<% medium.getName();  %>, <% tag %>, <% mediumURL; %>);
84:         <%
85:             }
86:         %>


An error occurred at line: 83 in the jsp file: /graph.jsp
Syntax error, insert "VariableDeclarators" to complete LocalVariableDeclaration
80:             	
81:             	for(String tag : allTags)
82:         %>
83:                 g.addEdge(<% medium.getName();  %>, <% tag %>, <% mediumURL; %>);
84:         <%
85:             }
86:         %>


Stacktrace:] with root cause
 org.apache.jasper.JasperException: Unable to compile class for JSP: 

An error occurred at line: 52 in the jsp file: /graph.jsp
Type mismatch: cannot convert from ArrayList<String> to String
49:             
50:         <%
51:         	for ( AbstractMedia medium : media ) {
52:         		String tagsInMedium = medium.getTags();
53:         		for (String tag : tagsInMedium){
54:         			if(!(allTags.contains(tag))){
55:         				allTags.add(tag);


An error occurred at line: 53 in the jsp file: /graph.jsp
Can only iterate over an array or an instance of java.lang.Iterable
50:         <%
51:         	for ( AbstractMedia medium : media ) {
52:         		String tagsInMedium = medium.getTags();
53:         		for (String tag : tagsInMedium){
54:         			if(!(allTags.contains(tag))){
55:         				allTags.add(tag);
56:         			}


An error occurred at line: 63 in the jsp file: /graph.jsp
Syntax error on token "tag", throw expected
60:         	for(String tag : allTags){
61:         %>
62:             // example
63:             g.addNode(<% tag %>, "", "/itm/tags.jsp");
64:             g.addNode("Tags", "", "/itm/tags.jsp");
65:             g.addEdge("Tags", "Image", "/itm/anImage.png")
66:             


An error occurred at line: 63 in the jsp file: /graph.jsp
No exception of type void can be thrown; an exception type must be a subclass of Throwable
60:         	for(String tag : allTags){
61:         %>
62:             // example
63:             g.addNode(<% tag %>, "", "/itm/tags.jsp");
64:             g.addNode("Tags", "", "/itm/tags.jsp");
65:             g.addEdge("Tags", "Image", "/itm/anImage.png")
66:             


An error occurred at line: 83 in the jsp file: /graph.jsp
Syntax error on token "tag", throw expected
80:             	
81:             	for(String tag : allTags)
82:         %>
83:                 g.addEdge(<% medium.getName();  %>, <% tag %>, <% mediumURL; %>);
84:         <%
85:             }
86:         %>


An error occurred at line: 83 in the jsp file: /graph.jsp
No exception of type void can be thrown; an exception type must be a subclass of Throwable
80:             	
81:             	for(String tag : allTags)
82:         %>
83:                 g.addEdge(<% medium.getName();  %>, <% tag %>, <% mediumURL; %>);
84:         <%
85:             }
86:         %>


An error occurred at line: 83 in the jsp file: /graph.jsp
Syntax error, insert "VariableDeclarators" to complete LocalVariableDeclaration
80:             	
81:             	for(String tag : allTags)
82:         %>
83:                 g.addEdge(<% medium.getName();  %>, <% tag %>, <% mediumURL; %>);
84:         <%
85:             }
86:         %>


Stacktrace:
	at org.apache.jasper.compiler.DefaultErrorHandler.javacError(DefaultErrorHandler.java:103)
	at org.apache.jasper.compiler.ErrorDispatcher.javacError(ErrorDispatcher.java:198)
	at org.apache.jasper.compiler.JDTCompiler.generateClass(JDTCompiler.java:458)
	at org.apache.jasper.compiler.Compiler.compile(Compiler.java:361)
	at org.apache.jasper.compiler.Compiler.compile(Compiler.java:336)
	at org.apache.jasper.compiler.Compiler.compile(Compiler.java:323)
	at org.apache.jasper.JspCompilationContext.compile(JspCompilationContext.java:585)
	at org.apache.jasper.servlet.JspServletWrapper.service(JspServletWrapper.java:363)
	at org.apache.jasper.servlet.JspServlet.serviceJspFile(JspServlet.java:385)
	at org.apache.jasper.servlet.JspServlet.service(JspServlet.java:329)
	at javax.servlet.http.HttpServlet.service(HttpServlet.java:729)
	at org.apache.catalina.core.ApplicationFilterChain.internalDoFilter(ApplicationFilterChain.java:269)
	at org.apache.catalina.core.ApplicationFilterChain.doFilter(ApplicationFilterChain.java:184)
	at org.apache.tomcat.websocket.server.WsFilter.doFilter(WsFilter.java:53)
	at org.apache.catalina.core.ApplicationFilterChain.internalDoFilter(ApplicationFilterChain.java:217)
	at org.apache.catalina.core.ApplicationFilterChain.doFilter(ApplicationFilterChain.java:184)
	at org.apache.catalina.core.StandardWrapperValve.invoke(StandardWrapperValve.java:199)
	at org.apache.catalina.core.StandardContextValve.invoke(StandardContextValve.java:105)
	at org.apache.catalina.authenticator.AuthenticatorBase.invoke(AuthenticatorBase.java:506)
	at org.apache.catalina.core.StandardHostValve.invoke(StandardHostValve.java:140)
	at org.apache.catalina.valves.ErrorReportValve.invoke(ErrorReportValve.java:79)
	at org.apache.catalina.valves.AbstractAccessLogValve.invoke(AbstractAccessLogValve.java:616)
	at org.apache.catalina.core.StandardEngineValve.invoke(StandardEngineValve.java:87)
	at org.apache.catalina.connector.CoyoteAdapter.service(CoyoteAdapter.java:361)
	at org.apache.coyote.http11.Http11Processor.service(Http11Processor.java:1080)
	at org.apache.coyote.AbstractProcessorLight.process(AbstractProcessorLight.java:75)
	at org.apache.coyote.AbstractProtocol$ConnectionHandler.process(AbstractProtocol.java:757)
	at org.apache.tomcat.util.net.NioEndpoint$SocketProcessor.run(NioEndpoint.java:1515)
	at java.util.concurrent.ThreadPoolExecutor.runWorker(ThreadPoolExecutor.java:1142)
	at java.util.concurrent.ThreadPoolExecutor$Worker.run(ThreadPoolExecutor.java:617)
	at org.apache.tomcat.util.threads.TaskThread$WrappingRunnable.run(TaskThread.java:61)
	at java.lang.Thread.run(Thread.java:745)

05-Jun-2016 00:13:47.629 SEVERE [http-nio-8080-exec-5] org.apache.catalina.core.StandardWrapperValve.invoke Servlet.service() for servlet [jsp] in context with path [/itm] threw exception [Unable to compile class for JSP: 

An error occurred at line: 63 in the jsp file: /graph.jsp
Syntax error on token "tag", throw expected
60:         	for(String tag : allTags){
61:         %>
62:             // example
63:             g.addNode(<% tag %>, "", "/itm/tags.jsp");
64:             g.addNode("Tags", "", "/itm/tags.jsp");
65:             g.addEdge("Tags", "Image", "/itm/anImage.png")
66:             


An error occurred at line: 63 in the jsp file: /graph.jsp
No exception of type void can be thrown; an exception type must be a subclass of Throwable
60:         	for(String tag : allTags){
61:         %>
62:             // example
63:             g.addNode(<% tag %>, "", "/itm/tags.jsp");
64:             g.addNode("Tags", "", "/itm/tags.jsp");
65:             g.addEdge("Tags", "Image", "/itm/anImage.png")
66:             


An error occurred at line: 83 in the jsp file: /graph.jsp
Syntax error on token "tag", throw expected
80:             	
81:             	for(String tag : allTags)
82:         %>
83:                 g.addEdge(<% medium.getName();  %>, <% tag %>, <% mediumURL; %>);
84:         <%
85:             }
86:         %>


An error occurred at line: 83 in the jsp file: /graph.jsp
No exception of type void can be thrown; an exception type must be a subclass of Throwable
80:             	
81:             	for(String tag : allTags)
82:         %>
83:                 g.addEdge(<% medium.getName();  %>, <% tag %>, <% mediumURL; %>);
84:         <%
85:             }
86:         %>


An error occurred at line: 83 in the jsp file: /graph.jsp
Syntax error, insert "VariableDeclarators" to complete LocalVariableDeclaration
80:             	
81:             	for(String tag : allTags)
82:         %>
83:                 g.addEdge(<% medium.getName();  %>, <% tag %>, <% mediumURL; %>);
84:         <%
85:             }
86:         %>


Stacktrace:] with root cause
 org.apache.jasper.JasperException: Unable to compile class for JSP: 

An error occurred at line: 63 in the jsp file: /graph.jsp
Syntax error on token "tag", throw expected
60:         	for(String tag : allTags){
61:         %>
62:             // example
63:             g.addNode(<% tag %>, "", "/itm/tags.jsp");
64:             g.addNode("Tags", "", "/itm/tags.jsp");
65:             g.addEdge("Tags", "Image", "/itm/anImage.png")
66:             


An error occurred at line: 63 in the jsp file: /graph.jsp
No exception of type void can be thrown; an exception type must be a subclass of Throwable
60:         	for(String tag : allTags){
61:         %>
62:             // example
63:             g.addNode(<% tag %>, "", "/itm/tags.jsp");
64:             g.addNode("Tags", "", "/itm/tags.jsp");
65:             g.addEdge("Tags", "Image", "/itm/anImage.png")
66:             


An error occurred at line: 83 in the jsp file: /graph.jsp
Syntax error on token "tag", throw expected
80:             	
81:             	for(String tag : allTags)
82:         %>
83:                 g.addEdge(<% medium.getName();  %>, <% tag %>, <% mediumURL; %>);
84:         <%
85:             }
86:         %>


An error occurred at line: 83 in the jsp file: /graph.jsp
No exception of type void can be thrown; an exception type must be a subclass of Throwable
80:             	
81:             	for(String tag : allTags)
82:         %>
83:                 g.addEdge(<% medium.getName();  %>, <% tag %>, <% mediumURL; %>);
84:         <%
85:             }
86:         %>


An error occurred at line: 83 in the jsp file: /graph.jsp
Syntax error, insert "VariableDeclarators" to complete LocalVariableDeclaration
80:             	
81:             	for(String tag : allTags)
82:         %>
83:                 g.addEdge(<% medium.getName();  %>, <% tag %>, <% mediumURL; %>);
84:         <%
85:             }
86:         %>


Stacktrace:
	at org.apache.jasper.compiler.DefaultErrorHandler.javacError(DefaultErrorHandler.java:103)
	at org.apache.jasper.compiler.ErrorDispatcher.javacError(ErrorDispatcher.java:198)
	at org.apache.jasper.compiler.JDTCompiler.generateClass(JDTCompiler.java:458)
	at org.apache.jasper.compiler.Compiler.compile(Compiler.java:361)
	at org.apache.jasper.compiler.Compiler.compile(Compiler.java:336)
	at org.apache.jasper.compiler.Compiler.compile(Compiler.java:323)
	at org.apache.jasper.JspCompilationContext.compile(JspCompilationContext.java:585)
	at org.apache.jasper.servlet.JspServletWrapper.service(JspServletWrapper.java:363)
	at org.apache.jasper.servlet.JspServlet.serviceJspFile(JspServlet.java:385)
	at org.apache.jasper.servlet.JspServlet.service(JspServlet.java:329)
	at javax.servlet.http.HttpServlet.service(HttpServlet.java:729)
	at org.apache.catalina.core.ApplicationFilterChain.internalDoFilter(ApplicationFilterChain.java:269)
	at org.apache.catalina.core.ApplicationFilterChain.doFilter(ApplicationFilterChain.java:184)
	at org.apache.tomcat.websocket.server.WsFilter.doFilter(WsFilter.java:53)
	at org.apache.catalina.core.ApplicationFilterChain.internalDoFilter(ApplicationFilterChain.java:217)
	at org.apache.catalina.core.ApplicationFilterChain.doFilter(ApplicationFilterChain.java:184)
	at org.apache.catalina.core.StandardWrapperValve.invoke(StandardWrapperValve.java:199)
	at org.apache.catalina.core.StandardContextValve.invoke(StandardContextValve.java:105)
	at org.apache.catalina.authenticator.AuthenticatorBase.invoke(AuthenticatorBase.java:506)
	at org.apache.catalina.core.StandardHostValve.invoke(StandardHostValve.java:140)
	at org.apache.catalina.valves.ErrorReportValve.invoke(ErrorReportValve.java:79)
	at org.apache.catalina.valves.AbstractAccessLogValve.invoke(AbstractAccessLogValve.java:616)
	at org.apache.catalina.core.StandardEngineValve.invoke(StandardEngineValve.java:87)
	at org.apache.catalina.connector.CoyoteAdapter.service(CoyoteAdapter.java:361)
	at org.apache.coyote.http11.Http11Processor.service(Http11Processor.java:1080)
	at org.apache.coyote.AbstractProcessorLight.process(AbstractProcessorLight.java:75)
	at org.apache.coyote.AbstractProtocol$ConnectionHandler.process(AbstractProtocol.java:757)
	at org.apache.tomcat.util.net.NioEndpoint$SocketProcessor.run(NioEndpoint.java:1515)
	at java.util.concurrent.ThreadPoolExecutor.runWorker(ThreadPoolExecutor.java:1142)
	at java.util.concurrent.ThreadPoolExecutor$Worker.run(ThreadPoolExecutor.java:617)
	at org.apache.tomcat.util.threads.TaskThread$WrappingRunnable.run(TaskThread.java:61)
	at java.lang.Thread.run(Thread.java:745)

05-Jun-2016 00:14:16.113 SEVERE [http-nio-8080-exec-2] org.apache.catalina.core.StandardWrapperValve.invoke Servlet.service() for servlet [jsp] in context with path [/itm] threw exception [Unable to compile class for JSP: 

An error occurred at line: 83 in the jsp file: /graph.jsp
Syntax error on token "tag", throw expected
80:             	
81:             	for(String tag : allTags)
82:         %>
83:                 g.addEdge(<% medium.getName();  %>, <% tag %>, <% mediumURL; %>);
84:         <%
85:             }
86:         %>


An error occurred at line: 83 in the jsp file: /graph.jsp
No exception of type void can be thrown; an exception type must be a subclass of Throwable
80:             	
81:             	for(String tag : allTags)
82:         %>
83:                 g.addEdge(<% medium.getName();  %>, <% tag %>, <% mediumURL; %>);
84:         <%
85:             }
86:         %>


An error occurred at line: 83 in the jsp file: /graph.jsp
Syntax error, insert "VariableDeclarators" to complete LocalVariableDeclaration
80:             	
81:             	for(String tag : allTags)
82:         %>
83:                 g.addEdge(<% medium.getName();  %>, <% tag %>, <% mediumURL; %>);
84:         <%
85:             }
86:         %>


Stacktrace:] with root cause
 org.apache.jasper.JasperException: Unable to compile class for JSP: 

An error occurred at line: 83 in the jsp file: /graph.jsp
Syntax error on token "tag", throw expected
80:             	
81:             	for(String tag : allTags)
82:         %>
83:                 g.addEdge(<% medium.getName();  %>, <% tag %>, <% mediumURL; %>);
84:         <%
85:             }
86:         %>


An error occurred at line: 83 in the jsp file: /graph.jsp
No exception of type void can be thrown; an exception type must be a subclass of Throwable
80:             	
81:             	for(String tag : allTags)
82:         %>
83:                 g.addEdge(<% medium.getName();  %>, <% tag %>, <% mediumURL; %>);
84:         <%
85:             }
86:         %>


An error occurred at line: 83 in the jsp file: /graph.jsp
Syntax error, insert "VariableDeclarators" to complete LocalVariableDeclaration
80:             	
81:             	for(String tag : allTags)
82:         %>
83:                 g.addEdge(<% medium.getName();  %>, <% tag %>, <% mediumURL; %>);
84:         <%
85:             }
86:         %>


Stacktrace:
	at org.apache.jasper.compiler.DefaultErrorHandler.javacError(DefaultErrorHandler.java:103)
	at org.apache.jasper.compiler.ErrorDispatcher.javacError(ErrorDispatcher.java:198)
	at org.apache.jasper.compiler.JDTCompiler.generateClass(JDTCompiler.java:458)
	at org.apache.jasper.compiler.Compiler.compile(Compiler.java:361)
	at org.apache.jasper.compiler.Compiler.compile(Compiler.java:336)
	at org.apache.jasper.compiler.Compiler.compile(Compiler.java:323)
	at org.apache.jasper.JspCompilationContext.compile(JspCompilationContext.java:585)
	at org.apache.jasper.servlet.JspServletWrapper.service(JspServletWrapper.java:363)
	at org.apache.jasper.servlet.JspServlet.serviceJspFile(JspServlet.java:385)
	at org.apache.jasper.servlet.JspServlet.service(JspServlet.java:329)
	at javax.servlet.http.HttpServlet.service(HttpServlet.java:729)
	at org.apache.catalina.core.ApplicationFilterChain.internalDoFilter(ApplicationFilterChain.java:269)
	at org.apache.catalina.core.ApplicationFilterChain.doFilter(ApplicationFilterChain.java:184)
	at org.apache.tomcat.websocket.server.WsFilter.doFilter(WsFilter.java:53)
	at org.apache.catalina.core.ApplicationFilterChain.internalDoFilter(ApplicationFilterChain.java:217)
	at org.apache.catalina.core.ApplicationFilterChain.doFilter(ApplicationFilterChain.java:184)
	at org.apache.catalina.core.StandardWrapperValve.invoke(StandardWrapperValve.java:199)
	at org.apache.catalina.core.StandardContextValve.invoke(StandardContextValve.java:105)
	at org.apache.catalina.authenticator.AuthenticatorBase.invoke(AuthenticatorBase.java:506)
	at org.apache.catalina.core.StandardHostValve.invoke(StandardHostValve.java:140)
	at org.apache.catalina.valves.ErrorReportValve.invoke(ErrorReportValve.java:79)
	at org.apache.catalina.valves.AbstractAccessLogValve.invoke(AbstractAccessLogValve.java:616)
	at org.apache.catalina.core.StandardEngineValve.invoke(StandardEngineValve.java:87)
	at org.apache.catalina.connector.CoyoteAdapter.service(CoyoteAdapter.java:361)
	at org.apache.coyote.http11.Http11Processor.service(Http11Processor.java:1080)
	at org.apache.coyote.AbstractProcessorLight.process(AbstractProcessorLight.java:75)
	at org.apache.coyote.AbstractProtocol$ConnectionHandler.process(AbstractProtocol.java:757)
	at org.apache.tomcat.util.net.NioEndpoint$SocketProcessor.run(NioEndpoint.java:1515)
	at java.util.concurrent.ThreadPoolExecutor.runWorker(ThreadPoolExecutor.java:1142)
	at java.util.concurrent.ThreadPoolExecutor$Worker.run(ThreadPoolExecutor.java:617)
	at org.apache.tomcat.util.threads.TaskThread$WrappingRunnable.run(TaskThread.java:61)
	at java.lang.Thread.run(Thread.java:745)

05-Jun-2016 00:14:46.271 SEVERE [http-nio-8080-exec-8] org.apache.catalina.core.StandardWrapperValve.invoke Servlet.service() for servlet [jsp] in context with path [/itm] threw exception [Unable to compile class for JSP: 

An error occurred at line: 83 in the jsp file: /graph.jsp
tag cannot be resolved
80:             	
81:             	for(String tag : allTags)
82:         %>
83:                 g.addEdge(<% medium.getName();  %>, <% tag.toString(); %>, <% mediumURL.toString(); %>);
84:         <%
85:             }
86:         %>


Stacktrace:] with root cause
 org.apache.jasper.JasperException: Unable to compile class for JSP: 

An error occurred at line: 83 in the jsp file: /graph.jsp
tag cannot be resolved
80:             	
81:             	for(String tag : allTags)
82:         %>
83:                 g.addEdge(<% medium.getName();  %>, <% tag.toString(); %>, <% mediumURL.toString(); %>);
84:         <%
85:             }
86:         %>


Stacktrace:
	at org.apache.jasper.compiler.DefaultErrorHandler.javacError(DefaultErrorHandler.java:103)
	at org.apache.jasper.compiler.ErrorDispatcher.javacError(ErrorDispatcher.java:198)
	at org.apache.jasper.compiler.JDTCompiler.generateClass(JDTCompiler.java:458)
	at org.apache.jasper.compiler.Compiler.compile(Compiler.java:361)
	at org.apache.jasper.compiler.Compiler.compile(Compiler.java:336)
	at org.apache.jasper.compiler.Compiler.compile(Compiler.java:323)
	at org.apache.jasper.JspCompilationContext.compile(JspCompilationContext.java:585)
	at org.apache.jasper.servlet.JspServletWrapper.service(JspServletWrapper.java:363)
	at org.apache.jasper.servlet.JspServlet.serviceJspFile(JspServlet.java:385)
	at org.apache.jasper.servlet.JspServlet.service(JspServlet.java:329)
	at javax.servlet.http.HttpServlet.service(HttpServlet.java:729)
	at org.apache.catalina.core.ApplicationFilterChain.internalDoFilter(ApplicationFilterChain.java:269)
	at org.apache.catalina.core.ApplicationFilterChain.doFilter(ApplicationFilterChain.java:184)
	at org.apache.tomcat.websocket.server.WsFilter.doFilter(WsFilter.java:53)
	at org.apache.catalina.core.ApplicationFilterChain.internalDoFilter(ApplicationFilterChain.java:217)
	at org.apache.catalina.core.ApplicationFilterChain.doFilter(ApplicationFilterChain.java:184)
	at org.apache.catalina.core.StandardWrapperValve.invoke(StandardWrapperValve.java:199)
	at org.apache.catalina.core.StandardContextValve.invoke(StandardContextValve.java:105)
	at org.apache.catalina.authenticator.AuthenticatorBase.invoke(AuthenticatorBase.java:506)
	at org.apache.catalina.core.StandardHostValve.invoke(StandardHostValve.java:140)
	at org.apache.catalina.valves.ErrorReportValve.invoke(ErrorReportValve.java:79)
	at org.apache.catalina.valves.AbstractAccessLogValve.invoke(AbstractAccessLogValve.java:616)
	at org.apache.catalina.core.StandardEngineValve.invoke(StandardEngineValve.java:87)
	at org.apache.catalina.connector.CoyoteAdapter.service(CoyoteAdapter.java:361)
	at org.apache.coyote.http11.Http11Processor.service(Http11Processor.java:1080)
	at org.apache.coyote.AbstractProcessorLight.process(AbstractProcessorLight.java:75)
	at org.apache.coyote.AbstractProtocol$ConnectionHandler.process(AbstractProtocol.java:757)
	at org.apache.tomcat.util.net.NioEndpoint$SocketProcessor.run(NioEndpoint.java:1515)
	at java.util.concurrent.ThreadPoolExecutor.runWorker(ThreadPoolExecutor.java:1142)
	at java.util.concurrent.ThreadPoolExecutor$Worker.run(ThreadPoolExecutor.java:617)
	at org.apache.tomcat.util.threads.TaskThread$WrappingRunnable.run(TaskThread.java:61)
	at java.lang.Thread.run(Thread.java:745)

05-Jun-2016 00:18:31.454 SEVERE [http-nio-8080-exec-3] org.apache.catalina.core.StandardWrapperValve.invoke Servlet.service() for servlet [jsp] in context with path [/itm] threw exception [Unable to compile class for JSP: 

An error occurred at line: 80 in the jsp file: /graph.jsp
Syntax error on token ";", delete this token
77:             	
78:             	for(String tag : allTags){
79:         %>
80:                 	g.addEdge(<%= medium.getName();  %>, <%= tag %>, <%= mediumURL %>);
81:         <%
82:             	}
83:             }


Stacktrace:] with root cause
 org.apache.jasper.JasperException: Unable to compile class for JSP: 

An error occurred at line: 80 in the jsp file: /graph.jsp
Syntax error on token ";", delete this token
77:             	
78:             	for(String tag : allTags){
79:         %>
80:                 	g.addEdge(<%= medium.getName();  %>, <%= tag %>, <%= mediumURL %>);
81:         <%
82:             	}
83:             }


Stacktrace:
	at org.apache.jasper.compiler.DefaultErrorHandler.javacError(DefaultErrorHandler.java:103)
	at org.apache.jasper.compiler.ErrorDispatcher.javacError(ErrorDispatcher.java:198)
	at org.apache.jasper.compiler.JDTCompiler.generateClass(JDTCompiler.java:458)
	at org.apache.jasper.compiler.Compiler.compile(Compiler.java:361)
	at org.apache.jasper.compiler.Compiler.compile(Compiler.java:336)
	at org.apache.jasper.compiler.Compiler.compile(Compiler.java:323)
	at org.apache.jasper.JspCompilationContext.compile(JspCompilationContext.java:585)
	at org.apache.jasper.servlet.JspServletWrapper.service(JspServletWrapper.java:363)
	at org.apache.jasper.servlet.JspServlet.serviceJspFile(JspServlet.java:385)
	at org.apache.jasper.servlet.JspServlet.service(JspServlet.java:329)
	at javax.servlet.http.HttpServlet.service(HttpServlet.java:729)
	at org.apache.catalina.core.ApplicationFilterChain.internalDoFilter(ApplicationFilterChain.java:269)
	at org.apache.catalina.core.ApplicationFilterChain.doFilter(ApplicationFilterChain.java:184)
	at org.apache.tomcat.websocket.server.WsFilter.doFilter(WsFilter.java:53)
	at org.apache.catalina.core.ApplicationFilterChain.internalDoFilter(ApplicationFilterChain.java:217)
	at org.apache.catalina.core.ApplicationFilterChain.doFilter(ApplicationFilterChain.java:184)
	at org.apache.catalina.core.StandardWrapperValve.invoke(StandardWrapperValve.java:199)
	at org.apache.catalina.core.StandardContextValve.invoke(StandardContextValve.java:105)
	at org.apache.catalina.authenticator.AuthenticatorBase.invoke(AuthenticatorBase.java:506)
	at org.apache.catalina.core.StandardHostValve.invoke(StandardHostValve.java:140)
	at org.apache.catalina.valves.ErrorReportValve.invoke(ErrorReportValve.java:79)
	at org.apache.catalina.valves.AbstractAccessLogValve.invoke(AbstractAccessLogValve.java:616)
	at org.apache.catalina.core.StandardEngineValve.invoke(StandardEngineValve.java:87)
	at org.apache.catalina.connector.CoyoteAdapter.service(CoyoteAdapter.java:361)
	at org.apache.coyote.http11.Http11Processor.service(Http11Processor.java:1080)
	at org.apache.coyote.AbstractProcessorLight.process(AbstractProcessorLight.java:75)
	at org.apache.coyote.AbstractProtocol$ConnectionHandler.process(AbstractProtocol.java:757)
	at org.apache.tomcat.util.net.NioEndpoint$SocketProcessor.run(NioEndpoint.java:1515)
	at java.util.concurrent.ThreadPoolExecutor.runWorker(ThreadPoolExecutor.java:1142)
	at java.util.concurrent.ThreadPoolExecutor$Worker.run(ThreadPoolExecutor.java:617)
	at org.apache.tomcat.util.threads.TaskThread$WrappingRunnable.run(TaskThread.java:61)
	at java.lang.Thread.run(Thread.java:745)

